{"H:\\HACKTIV8\\PHASE3\\WEEK4\\FINAL-PROJECT\\parkirsini\\server\\app.js": {"path":"H:\\HACKTIV8\\PHASE3\\WEEK4\\FINAL-PROJECT\\parkirsini\\server\\app.js","statementMap":{"0":{"start":{"line":1,"column":0},"end":{"line":1,"column":27}},"1":{"start":{"line":2,"column":16},"end":{"line":2,"column":34}},"2":{"start":{"line":3,"column":12},"end":{"line":3,"column":21}},"3":{"start":{"line":4,"column":15},"end":{"line":4,"column":34}},"4":{"start":{"line":5,"column":13},"end":{"line":5,"column":28}},"5":{"start":{"line":7,"column":0},"end":{"line":7,"column":16}},"6":{"start":{"line":9,"column":0},"end":{"line":9,"column":48}},"7":{"start":{"line":10,"column":0},"end":{"line":10,"column":24}},"8":{"start":{"line":11,"column":0},"end":{"line":11,"column":16}},"9":{"start":{"line":13,"column":0},"end":{"line":13,"column":21}}},"fnMap":{},"branchMap":{},"s":{"0":5,"1":5,"2":5,"3":5,"4":5,"5":5,"6":5,"7":5,"8":5,"9":5},"f":{},"b":{},"_coverageSchema":"1a1c01bbd47fc00a2c39e90264f33305004495a9","hash":"7d81e4a168b66580f35d1786abfb42ba74f99497"}
,"H:\\HACKTIV8\\PHASE3\\WEEK4\\FINAL-PROJECT\\parkirsini\\server\\cloudinary\\index.js": {"path":"H:\\HACKTIV8\\PHASE3\\WEEK4\\FINAL-PROJECT\\parkirsini\\server\\cloudinary\\index.js","statementMap":{"0":{"start":{"line":1,"column":19},"end":{"line":1,"column":43}},"1":{"start":{"line":2,"column":30},"end":{"line":2,"column":66}},"2":{"start":{"line":4,"column":0},"end":{"line":8,"column":3}},"3":{"start":{"line":10,"column":16},"end":{"line":16,"column":2}},"4":{"start":{"line":18,"column":0},"end":{"line":21,"column":1}}},"fnMap":{},"branchMap":{},"s":{"0":5,"1":5,"2":5,"3":5,"4":5},"f":{},"b":{},"_coverageSchema":"1a1c01bbd47fc00a2c39e90264f33305004495a9","hash":"7446f49576f0d46bee4f781f408b2a7c5f9700a4"}
,"H:\\HACKTIV8\\PHASE3\\WEEK4\\FINAL-PROJECT\\parkirsini\\server\\controllers\\ImageUpload.js": {"path":"H:\\HACKTIV8\\PHASE3\\WEEK4\\FINAL-PROJECT\\parkirsini\\server\\controllers\\ImageUpload.js","statementMap":{"0":{"start":{"line":3,"column":6},"end":{"line":3,"column":28}},"1":{"start":{"line":7,"column":0},"end":{"line":7,"column":28}}},"fnMap":{"0":{"name":"(anonymous_0)","decl":{"start":{"line":2,"column":3},"end":{"line":2,"column":4}},"loc":{"start":{"line":2,"column":39},"end":{"line":4,"column":4}},"line":2}},"branchMap":{},"s":{"0":0,"1":5},"f":{"0":0},"b":{},"_coverageSchema":"1a1c01bbd47fc00a2c39e90264f33305004495a9","hash":"c55de780ad50c0079a932be8b1fc9d70300c7e8d"}
,"H:\\HACKTIV8\\PHASE3\\WEEK4\\FINAL-PROJECT\\parkirsini\\server\\controllers\\admin-auth.js": {"path":"H:\\HACKTIV8\\PHASE3\\WEEK4\\FINAL-PROJECT\\parkirsini\\server\\controllers\\admin-auth.js","statementMap":{"0":{"start":{"line":1,"column":21},"end":{"line":1,"column":41}},"1":{"start":{"line":2,"column":24},"end":{"line":2,"column":52}},"2":{"start":{"line":3,"column":24},"end":{"line":3,"column":49}},"3":{"start":{"line":6,"column":19},"end":{"line":10,"column":4}},"4":{"start":{"line":11,"column":2},"end":{"line":11,"column":48}},"5":{"start":{"line":11,"column":17},"end":{"line":11,"column":48}},"6":{"start":{"line":12,"column":24},"end":{"line":12,"column":64}},"7":{"start":{"line":13,"column":2},"end":{"line":13,"column":52}},"8":{"start":{"line":13,"column":22},"end":{"line":13,"column":52}},"9":{"start":{"line":14,"column":23},"end":{"line":18,"column":4}},"10":{"start":{"line":20,"column":2},"end":{"line":20,"column":22}},"11":{"start":{"line":25,"column":4},"end":{"line":31,"column":5}},"12":{"start":{"line":26,"column":34},"end":{"line":26,"column":42}},"13":{"start":{"line":27,"column":27},"end":{"line":27,"column":62}},"14":{"start":{"line":28,"column":6},"end":{"line":28,"column":33}},"15":{"start":{"line":30,"column":6},"end":{"line":30,"column":18}},"16":{"start":{"line":35,"column":4},"end":{"line":52,"column":5}},"17":{"start":{"line":36,"column":66},"end":{"line":36,"column":74}},"18":{"start":{"line":37,"column":25},"end":{"line":45,"column":8}},"19":{"start":{"line":47,"column":6},"end":{"line":49,"column":9}},"20":{"start":{"line":51,"column":6},"end":{"line":51,"column":18}},"21":{"start":{"line":56,"column":0},"end":{"line":56,"column":22}}},"fnMap":{"0":{"name":"processLogin","decl":{"start":{"line":5,"column":15},"end":{"line":5,"column":27}},"loc":{"start":{"line":5,"column":45},"end":{"line":21,"column":1}},"line":5},"1":{"name":"(anonymous_1)","decl":{"start":{"line":24,"column":2},"end":{"line":24,"column":3}},"loc":{"start":{"line":24,"column":37},"end":{"line":32,"column":3}},"line":24},"2":{"name":"(anonymous_2)","decl":{"start":{"line":34,"column":2},"end":{"line":34,"column":3}},"loc":{"start":{"line":34,"column":40},"end":{"line":53,"column":3}},"line":34}},"branchMap":{"0":{"loc":{"start":{"line":11,"column":2},"end":{"line":11,"column":48}},"type":"if","locations":[{"start":{"line":11,"column":2},"end":{"line":11,"column":48}},{"start":{},"end":{}}],"line":11},"1":{"loc":{"start":{"line":13,"column":2},"end":{"line":13,"column":52}},"type":"if","locations":[{"start":{"line":13,"column":2},"end":{"line":13,"column":52}},{"start":{},"end":{}}],"line":13}},"s":{"0":5,"1":5,"2":5,"3":0,"4":0,"5":0,"6":0,"7":0,"8":0,"9":0,"10":0,"11":0,"12":0,"13":0,"14":0,"15":0,"16":0,"17":0,"18":0,"19":0,"20":0,"21":5},"f":{"0":0,"1":0,"2":0},"b":{"0":[0,0],"1":[0,0]},"_coverageSchema":"1a1c01bbd47fc00a2c39e90264f33305004495a9","hash":"ee0a181375a9b5997f982fd8952c62adb33eeb49"}
,"H:\\HACKTIV8\\PHASE3\\WEEK4\\FINAL-PROJECT\\parkirsini\\server\\controllers\\admin.js": {"path":"H:\\HACKTIV8\\PHASE3\\WEEK4\\FINAL-PROJECT\\parkirsini\\server\\controllers\\admin.js","statementMap":{"0":{"start":{"line":1,"column":54},"end":{"line":1,"column":74}},"1":{"start":{"line":5,"column":4},"end":{"line":16,"column":5}},"2":{"start":{"line":6,"column":19},"end":{"line":12,"column":8}},"3":{"start":{"line":13,"column":6},"end":{"line":13,"column":21}},"4":{"start":{"line":15,"column":6},"end":{"line":15,"column":18}},"5":{"start":{"line":20,"column":4},"end":{"line":35,"column":5}},"6":{"start":{"line":21,"column":17},"end":{"line":21,"column":30}},"7":{"start":{"line":22,"column":19},"end":{"line":30,"column":8}},"8":{"start":{"line":31,"column":6},"end":{"line":31,"column":45}},"9":{"start":{"line":31,"column":17},"end":{"line":31,"column":45}},"10":{"start":{"line":32,"column":6},"end":{"line":32,"column":21}},"11":{"start":{"line":34,"column":6},"end":{"line":34,"column":18}},"12":{"start":{"line":39,"column":4},"end":{"line":60,"column":5}},"13":{"start":{"line":40,"column":59},"end":{"line":40,"column":67}},"14":{"start":{"line":41,"column":25},"end":{"line":41,"column":36}},"15":{"start":{"line":42,"column":22},"end":{"line":42,"column":43}},"16":{"start":{"line":43,"column":21},"end":{"line":43,"column":41}},"17":{"start":{"line":45,"column":23},"end":{"line":54,"column":8}},"18":{"start":{"line":55,"column":6},"end":{"line":57,"column":75}},"19":{"start":{"line":59,"column":6},"end":{"line":59,"column":18}},"20":{"start":{"line":64,"column":4},"end":{"line":88,"column":5}},"21":{"start":{"line":65,"column":17},"end":{"line":65,"column":30}},"22":{"start":{"line":66,"column":59},"end":{"line":66,"column":67}},"23":{"start":{"line":67,"column":22},"end":{"line":67,"column":43}},"24":{"start":{"line":68,"column":21},"end":{"line":68,"column":41}},"25":{"start":{"line":70,"column":6},"end":{"line":83,"column":8}},"26":{"start":{"line":84,"column":6},"end":{"line":84,"column":72}},"27":{"start":{"line":86,"column":6},"end":{"line":86,"column":25}},"28":{"start":{"line":87,"column":6},"end":{"line":87,"column":18}},"29":{"start":{"line":92,"column":4},"end":{"line":98,"column":5}},"30":{"start":{"line":93,"column":17},"end":{"line":93,"column":30}},"31":{"start":{"line":94,"column":6},"end":{"line":94,"column":52}},"32":{"start":{"line":95,"column":6},"end":{"line":95,"column":65}},"33":{"start":{"line":97,"column":6},"end":{"line":97,"column":18}},"34":{"start":{"line":103,"column":4},"end":{"line":108,"column":5}},"35":{"start":{"line":104,"column":19},"end":{"line":104,"column":78}},"36":{"start":{"line":105,"column":6},"end":{"line":105,"column":21}},"37":{"start":{"line":107,"column":6},"end":{"line":107,"column":18}},"38":{"start":{"line":112,"column":4},"end":{"line":123,"column":5}},"39":{"start":{"line":113,"column":17},"end":{"line":113,"column":30}},"40":{"start":{"line":114,"column":19},"end":{"line":118,"column":8}},"41":{"start":{"line":119,"column":6},"end":{"line":119,"column":45}},"42":{"start":{"line":119,"column":17},"end":{"line":119,"column":45}},"43":{"start":{"line":120,"column":6},"end":{"line":120,"column":21}},"44":{"start":{"line":122,"column":6},"end":{"line":122,"column":18}},"45":{"start":{"line":127,"column":4},"end":{"line":141,"column":5}},"46":{"start":{"line":128,"column":29},"end":{"line":128,"column":42}},"47":{"start":{"line":129,"column":25},"end":{"line":129,"column":33}},"48":{"start":{"line":131,"column":23},"end":{"line":134,"column":8}},"49":{"start":{"line":135,"column":6},"end":{"line":138,"column":9}},"50":{"start":{"line":140,"column":6},"end":{"line":140,"column":18}},"51":{"start":{"line":145,"column":4},"end":{"line":152,"column":5}},"52":{"start":{"line":146,"column":17},"end":{"line":146,"column":30}},"53":{"start":{"line":148,"column":23},"end":{"line":148,"column":73}},"54":{"start":{"line":149,"column":6},"end":{"line":149,"column":71}},"55":{"start":{"line":151,"column":6},"end":{"line":151,"column":18}},"56":{"start":{"line":156,"column":0},"end":{"line":156,"column":23}}},"fnMap":{"0":{"name":"(anonymous_0)","decl":{"start":{"line":4,"column":2},"end":{"line":4,"column":3}},"loc":{"start":{"line":4,"column":49},"end":{"line":17,"column":3}},"line":4},"1":{"name":"(anonymous_1)","decl":{"start":{"line":19,"column":2},"end":{"line":19,"column":3}},"loc":{"start":{"line":19,"column":55},"end":{"line":36,"column":3}},"line":19},"2":{"name":"(anonymous_2)","decl":{"start":{"line":38,"column":2},"end":{"line":38,"column":3}},"loc":{"start":{"line":38,"column":50},"end":{"line":61,"column":3}},"line":38},"3":{"name":"(anonymous_3)","decl":{"start":{"line":63,"column":2},"end":{"line":63,"column":3}},"loc":{"start":{"line":63,"column":48},"end":{"line":89,"column":3}},"line":63},"4":{"name":"(anonymous_4)","decl":{"start":{"line":91,"column":2},"end":{"line":91,"column":3}},"loc":{"start":{"line":91,"column":50},"end":{"line":99,"column":3}},"line":91},"5":{"name":"(anonymous_5)","decl":{"start":{"line":102,"column":2},"end":{"line":102,"column":3}},"loc":{"start":{"line":102,"column":55},"end":{"line":109,"column":3}},"line":102},"6":{"name":"(anonymous_6)","decl":{"start":{"line":111,"column":2},"end":{"line":111,"column":3}},"loc":{"start":{"line":111,"column":57},"end":{"line":124,"column":3}},"line":111},"7":{"name":"(anonymous_7)","decl":{"start":{"line":126,"column":2},"end":{"line":126,"column":3}},"loc":{"start":{"line":126,"column":55},"end":{"line":142,"column":3}},"line":126},"8":{"name":"(anonymous_8)","decl":{"start":{"line":144,"column":2},"end":{"line":144,"column":3}},"loc":{"start":{"line":144,"column":55},"end":{"line":153,"column":3}},"line":144}},"branchMap":{"0":{"loc":{"start":{"line":31,"column":6},"end":{"line":31,"column":45}},"type":"if","locations":[{"start":{"line":31,"column":6},"end":{"line":31,"column":45}},{"start":{},"end":{}}],"line":31},"1":{"loc":{"start":{"line":42,"column":22},"end":{"line":42,"column":43}},"type":"binary-expr","locations":[{"start":{"line":42,"column":22},"end":{"line":42,"column":38}},{"start":{"line":42,"column":42},"end":{"line":42,"column":43}}],"line":42},"2":{"loc":{"start":{"line":43,"column":21},"end":{"line":43,"column":41}},"type":"binary-expr","locations":[{"start":{"line":43,"column":21},"end":{"line":43,"column":36}},{"start":{"line":43,"column":40},"end":{"line":43,"column":41}}],"line":43},"3":{"loc":{"start":{"line":67,"column":22},"end":{"line":67,"column":43}},"type":"binary-expr","locations":[{"start":{"line":67,"column":22},"end":{"line":67,"column":38}},{"start":{"line":67,"column":42},"end":{"line":67,"column":43}}],"line":67},"4":{"loc":{"start":{"line":68,"column":21},"end":{"line":68,"column":41}},"type":"binary-expr","locations":[{"start":{"line":68,"column":21},"end":{"line":68,"column":36}},{"start":{"line":68,"column":40},"end":{"line":68,"column":41}}],"line":68},"5":{"loc":{"start":{"line":119,"column":6},"end":{"line":119,"column":45}},"type":"if","locations":[{"start":{"line":119,"column":6},"end":{"line":119,"column":45}},{"start":{},"end":{}}],"line":119}},"s":{"0":5,"1":0,"2":0,"3":0,"4":0,"5":0,"6":0,"7":0,"8":0,"9":0,"10":0,"11":0,"12":0,"13":0,"14":0,"15":0,"16":0,"17":0,"18":0,"19":0,"20":0,"21":0,"22":0,"23":0,"24":0,"25":0,"26":0,"27":0,"28":0,"29":0,"30":0,"31":0,"32":0,"33":0,"34":0,"35":0,"36":0,"37":0,"38":0,"39":0,"40":0,"41":0,"42":0,"43":0,"44":0,"45":0,"46":0,"47":0,"48":0,"49":0,"50":0,"51":0,"52":0,"53":0,"54":0,"55":0,"56":5},"f":{"0":0,"1":0,"2":0,"3":0,"4":0,"5":0,"6":0,"7":0,"8":0},"b":{"0":[0,0],"1":[0,0],"2":[0,0],"3":[0,0],"4":[0,0],"5":[0,0]},"_coverageSchema":"1a1c01bbd47fc00a2c39e90264f33305004495a9","hash":"6189a9529c3fc048b8e5b98755ea4bc739666523"}
,"H:\\HACKTIV8\\PHASE3\\WEEK4\\FINAL-PROJECT\\parkirsini\\server\\controllers\\createBooking.js": {"path":"H:\\HACKTIV8\\PHASE3\\WEEK4\\FINAL-PROJECT\\parkirsini\\server\\controllers\\createBooking.js","statementMap":{"0":{"start":{"line":1,"column":40},"end":{"line":1,"column":60}},"1":{"start":{"line":2,"column":23},"end":{"line":2,"column":49}},"2":{"start":{"line":3,"column":22},"end":{"line":3,"column":42}},"3":{"start":{"line":4,"column":20},"end":{"line":4,"column":45}},"4":{"start":{"line":5,"column":22},"end":{"line":5,"column":52}},"5":{"start":{"line":6,"column":15},"end":{"line":6,"column":55}},"6":{"start":{"line":7,"column":25},"end":{"line":7,"column":63}},"7":{"start":{"line":11,"column":6},"end":{"line":35,"column":7}},"8":{"start":{"line":12,"column":28},"end":{"line":12,"column":36}},"9":{"start":{"line":13,"column":24},"end":{"line":13,"column":32}},"10":{"start":{"line":14,"column":24},"end":{"line":14,"column":51}},"11":{"start":{"line":15,"column":20},"end":{"line":18,"column":11}},"12":{"start":{"line":19,"column":25},"end":{"line":30,"column":10}},"13":{"start":{"line":31,"column":31},"end":{"line":31,"column":70}},"14":{"start":{"line":32,"column":9},"end":{"line":32,"column":44}},"15":{"start":{"line":34,"column":9},"end":{"line":34,"column":20}},"16":{"start":{"line":39,"column":16},"end":{"line":39,"column":45}},"17":{"start":{"line":40,"column":6},"end":{"line":80,"column":7}},"18":{"start":{"line":41,"column":58},"end":{"line":41,"column":66}},"19":{"start":{"line":42,"column":24},"end":{"line":42,"column":32}},"20":{"start":{"line":44,"column":24},"end":{"line":44,"column":51}},"21":{"start":{"line":45,"column":25},"end":{"line":51,"column":31}},"22":{"start":{"line":52,"column":9},"end":{"line":55,"column":31}},"23":{"start":{"line":56,"column":9},"end":{"line":56,"column":51}},"24":{"start":{"line":57,"column":29},"end":{"line":57,"column":69}},"25":{"start":{"line":58,"column":24},"end":{"line":61,"column":10}},"26":{"start":{"line":62,"column":27},"end":{"line":67,"column":10}},"27":{"start":{"line":68,"column":27},"end":{"line":73,"column":11}},"28":{"start":{"line":74,"column":9},"end":{"line":74,"column":25}},"29":{"start":{"line":75,"column":9},"end":{"line":75,"column":78}},"30":{"start":{"line":77,"column":9},"end":{"line":77,"column":27}},"31":{"start":{"line":78,"column":9},"end":{"line":78,"column":27}},"32":{"start":{"line":79,"column":9},"end":{"line":79,"column":20}},"33":{"start":{"line":84,"column":0},"end":{"line":84,"column":30}}},"fnMap":{"0":{"name":"(anonymous_0)","decl":{"start":{"line":10,"column":3},"end":{"line":10,"column":4}},"loc":{"start":{"line":10,"column":54},"end":{"line":36,"column":4}},"line":10},"1":{"name":"(anonymous_1)","decl":{"start":{"line":38,"column":3},"end":{"line":38,"column":4}},"loc":{"start":{"line":38,"column":52},"end":{"line":81,"column":4}},"line":38}},"branchMap":{},"s":{"0":5,"1":5,"2":5,"3":5,"4":5,"5":5,"6":5,"7":0,"8":0,"9":0,"10":0,"11":0,"12":0,"13":0,"14":0,"15":0,"16":0,"17":0,"18":0,"19":0,"20":0,"21":0,"22":0,"23":0,"24":0,"25":0,"26":0,"27":0,"28":0,"29":0,"30":0,"31":0,"32":0,"33":5},"f":{"0":0,"1":0},"b":{},"_coverageSchema":"1a1c01bbd47fc00a2c39e90264f33305004495a9","hash":"bd3d7e52ea067ad4c94a00ceea5b3814797748cc"}
,"H:\\HACKTIV8\\PHASE3\\WEEK4\\FINAL-PROJECT\\parkirsini\\server\\controllers\\customer.js": {"path":"H:\\HACKTIV8\\PHASE3\\WEEK4\\FINAL-PROJECT\\parkirsini\\server\\controllers\\customer.js","statementMap":{"0":{"start":{"line":1,"column":24},"end":{"line":1,"column":52}},"1":{"start":{"line":2,"column":37},"end":{"line":2,"column":62}},"2":{"start":{"line":3,"column":101},"end":{"line":3,"column":121}},"3":{"start":{"line":7,"column":8},"end":{"line":19,"column":9}},"4":{"start":{"line":8,"column":70},"end":{"line":8,"column":78}},"5":{"start":{"line":9,"column":27},"end":{"line":15,"column":14}},"6":{"start":{"line":16,"column":12},"end":{"line":16,"column":61}},"7":{"start":{"line":18,"column":12},"end":{"line":18,"column":24}},"8":{"start":{"line":23,"column":8},"end":{"line":40,"column":9}},"9":{"start":{"line":24,"column":40},"end":{"line":24,"column":48}},"10":{"start":{"line":25,"column":12},"end":{"line":25,"column":63}},"11":{"start":{"line":25,"column":24},"end":{"line":25,"column":63}},"12":{"start":{"line":26,"column":12},"end":{"line":26,"column":69}},"13":{"start":{"line":26,"column":27},"end":{"line":26,"column":69}},"14":{"start":{"line":28,"column":29},"end":{"line":28,"column":73}},"15":{"start":{"line":30,"column":12},"end":{"line":30,"column":71}},"16":{"start":{"line":30,"column":27},"end":{"line":30,"column":71}},"17":{"start":{"line":31,"column":26},"end":{"line":31,"column":66}},"18":{"start":{"line":32,"column":12},"end":{"line":32,"column":77}},"19":{"start":{"line":32,"column":33},"end":{"line":32,"column":77}},"20":{"start":{"line":34,"column":33},"end":{"line":34,"column":65}},"21":{"start":{"line":36,"column":12},"end":{"line":36,"column":51}},"22":{"start":{"line":38,"column":12},"end":{"line":38,"column":30}},"23":{"start":{"line":39,"column":12},"end":{"line":39,"column":24}},"24":{"start":{"line":44,"column":8},"end":{"line":78,"column":9}},"25":{"start":{"line":45,"column":32},"end":{"line":45,"column":65}},"26":{"start":{"line":46,"column":27},"end":{"line":46,"column":73}},"27":{"start":{"line":47,"column":27},"end":{"line":50,"column":14}},"28":{"start":{"line":51,"column":28},"end":{"line":51,"column":47}},"29":{"start":{"line":52,"column":27},"end":{"line":56,"column":14}},"30":{"start":{"line":57,"column":12},"end":{"line":68,"column":13}},"31":{"start":{"line":58,"column":16},"end":{"line":67,"column":18}},"32":{"start":{"line":69,"column":33},"end":{"line":71,"column":14}},"33":{"start":{"line":72,"column":12},"end":{"line":74,"column":15}},"34":{"start":{"line":76,"column":12},"end":{"line":76,"column":31}},"35":{"start":{"line":77,"column":12},"end":{"line":77,"column":24}},"36":{"start":{"line":82,"column":8},"end":{"line":87,"column":9}},"37":{"start":{"line":83,"column":34},"end":{"line":83,"column":62}},"38":{"start":{"line":84,"column":12},"end":{"line":84,"column":48}},"39":{"start":{"line":86,"column":12},"end":{"line":86,"column":24}},"40":{"start":{"line":91,"column":8},"end":{"line":121,"column":9}},"41":{"start":{"line":92,"column":35},"end":{"line":92,"column":48}},"42":{"start":{"line":93,"column":33},"end":{"line":109,"column":14}},"43":{"start":{"line":111,"column":12},"end":{"line":115,"column":13}},"44":{"start":{"line":112,"column":30},"end":{"line":112,"column":65}},"45":{"start":{"line":113,"column":16},"end":{"line":113,"column":41}},"46":{"start":{"line":114,"column":16},"end":{"line":114,"column":28}},"47":{"start":{"line":117,"column":12},"end":{"line":117,"column":47}},"48":{"start":{"line":119,"column":12},"end":{"line":119,"column":31}},"49":{"start":{"line":120,"column":12},"end":{"line":120,"column":24}},"50":{"start":{"line":125,"column":0},"end":{"line":125,"column":35}}},"fnMap":{"0":{"name":"(anonymous_0)","decl":{"start":{"line":6,"column":4},"end":{"line":6,"column":5}},"loc":{"start":{"line":6,"column":42},"end":{"line":20,"column":5}},"line":6},"1":{"name":"(anonymous_1)","decl":{"start":{"line":22,"column":4},"end":{"line":22,"column":5}},"loc":{"start":{"line":22,"column":39},"end":{"line":41,"column":5}},"line":22},"2":{"name":"(anonymous_2)","decl":{"start":{"line":43,"column":4},"end":{"line":43,"column":5}},"loc":{"start":{"line":43,"column":46},"end":{"line":79,"column":5}},"line":43},"3":{"name":"(anonymous_3)","decl":{"start":{"line":81,"column":4},"end":{"line":81,"column":5}},"loc":{"start":{"line":81,"column":55},"end":{"line":88,"column":5}},"line":81},"4":{"name":"(anonymous_4)","decl":{"start":{"line":90,"column":4},"end":{"line":90,"column":5}},"loc":{"start":{"line":90,"column":64},"end":{"line":122,"column":5}},"line":90}},"branchMap":{"0":{"loc":{"start":{"line":25,"column":12},"end":{"line":25,"column":63}},"type":"if","locations":[{"start":{"line":25,"column":12},"end":{"line":25,"column":63}},{"start":{},"end":{}}],"line":25},"1":{"loc":{"start":{"line":26,"column":12},"end":{"line":26,"column":69}},"type":"if","locations":[{"start":{"line":26,"column":12},"end":{"line":26,"column":69}},{"start":{},"end":{}}],"line":26},"2":{"loc":{"start":{"line":30,"column":12},"end":{"line":30,"column":71}},"type":"if","locations":[{"start":{"line":30,"column":12},"end":{"line":30,"column":71}},{"start":{},"end":{}}],"line":30},"3":{"loc":{"start":{"line":32,"column":12},"end":{"line":32,"column":77}},"type":"if","locations":[{"start":{"line":32,"column":12},"end":{"line":32,"column":77}},{"start":{},"end":{}}],"line":32},"4":{"loc":{"start":{"line":57,"column":12},"end":{"line":68,"column":13}},"type":"if","locations":[{"start":{"line":57,"column":12},"end":{"line":68,"column":13}},{"start":{},"end":{}}],"line":57},"5":{"loc":{"start":{"line":111,"column":12},"end":{"line":115,"column":13}},"type":"if","locations":[{"start":{"line":111,"column":12},"end":{"line":115,"column":13}},{"start":{},"end":{}}],"line":111}},"s":{"0":5,"1":5,"2":5,"3":0,"4":0,"5":0,"6":0,"7":0,"8":0,"9":0,"10":0,"11":0,"12":0,"13":0,"14":0,"15":0,"16":0,"17":0,"18":0,"19":0,"20":0,"21":0,"22":0,"23":0,"24":0,"25":0,"26":0,"27":0,"28":0,"29":0,"30":0,"31":0,"32":0,"33":0,"34":0,"35":0,"36":2,"37":2,"38":1,"39":1,"40":2,"41":2,"42":2,"43":2,"44":1,"45":1,"46":1,"47":1,"48":1,"49":1,"50":5},"f":{"0":0,"1":0,"2":0,"3":2,"4":2},"b":{"0":[0,0],"1":[0,0],"2":[0,0],"3":[0,0],"4":[0,0],"5":[1,1]},"_coverageSchema":"1a1c01bbd47fc00a2c39e90264f33305004495a9","hash":"edecc278873b613689f6abc0556b33aee16f5ea3"}
,"H:\\HACKTIV8\\PHASE3\\WEEK4\\FINAL-PROJECT\\parkirsini\\server\\controllers\\facility.js": {"path":"H:\\HACKTIV8\\PHASE3\\WEEK4\\FINAL-PROJECT\\parkirsini\\server\\controllers\\facility.js","statementMap":{"0":{"start":{"line":1,"column":21},"end":{"line":1,"column":41}},"1":{"start":{"line":5,"column":4},"end":{"line":11,"column":5}},"2":{"start":{"line":6,"column":23},"end":{"line":6,"column":31}},"3":{"start":{"line":7,"column":23},"end":{"line":7,"column":54}},"4":{"start":{"line":8,"column":6},"end":{"line":8,"column":37}},"5":{"start":{"line":10,"column":6},"end":{"line":10,"column":18}},"6":{"start":{"line":15,"column":4},"end":{"line":20,"column":5}},"7":{"start":{"line":16,"column":25},"end":{"line":16,"column":49}},"8":{"start":{"line":17,"column":6},"end":{"line":17,"column":39}},"9":{"start":{"line":19,"column":6},"end":{"line":19,"column":18}},"10":{"start":{"line":24,"column":4},"end":{"line":39,"column":5}},"11":{"start":{"line":25,"column":25},"end":{"line":25,"column":38}},"12":{"start":{"line":26,"column":23},"end":{"line":26,"column":31}},"13":{"start":{"line":27,"column":23},"end":{"line":27,"column":58}},"14":{"start":{"line":28,"column":6},"end":{"line":28,"column":28}},"15":{"start":{"line":29,"column":6},"end":{"line":33,"column":7}},"16":{"start":{"line":30,"column":22},"end":{"line":30,"column":53}},"17":{"start":{"line":31,"column":8},"end":{"line":31,"column":33}},"18":{"start":{"line":32,"column":8},"end":{"line":32,"column":20}},"19":{"start":{"line":34,"column":6},"end":{"line":34,"column":27}},"20":{"start":{"line":35,"column":6},"end":{"line":35,"column":28}},"21":{"start":{"line":36,"column":6},"end":{"line":36,"column":37}},"22":{"start":{"line":38,"column":6},"end":{"line":38,"column":18}},"23":{"start":{"line":43,"column":4},"end":{"line":59,"column":5}},"24":{"start":{"line":44,"column":25},"end":{"line":44,"column":38}},"25":{"start":{"line":45,"column":23},"end":{"line":45,"column":58}},"26":{"start":{"line":46,"column":6},"end":{"line":50,"column":7}},"27":{"start":{"line":47,"column":22},"end":{"line":47,"column":53}},"28":{"start":{"line":48,"column":8},"end":{"line":48,"column":33}},"29":{"start":{"line":49,"column":8},"end":{"line":49,"column":20}},"30":{"start":{"line":51,"column":30},"end":{"line":51,"column":54}},"31":{"start":{"line":52,"column":6},"end":{"line":52,"column":31}},"32":{"start":{"line":53,"column":6},"end":{"line":56,"column":9}},"33":{"start":{"line":58,"column":6},"end":{"line":58,"column":18}},"34":{"start":{"line":63,"column":0},"end":{"line":63,"column":36}}},"fnMap":{"0":{"name":"(anonymous_0)","decl":{"start":{"line":4,"column":2},"end":{"line":4,"column":3}},"loc":{"start":{"line":4,"column":46},"end":{"line":12,"column":3}},"line":4},"1":{"name":"(anonymous_1)","decl":{"start":{"line":14,"column":2},"end":{"line":14,"column":3}},"loc":{"start":{"line":14,"column":45},"end":{"line":21,"column":3}},"line":14},"2":{"name":"(anonymous_2)","decl":{"start":{"line":23,"column":2},"end":{"line":23,"column":3}},"loc":{"start":{"line":23,"column":46},"end":{"line":40,"column":3}},"line":23},"3":{"name":"(anonymous_3)","decl":{"start":{"line":42,"column":2},"end":{"line":42,"column":3}},"loc":{"start":{"line":42,"column":46},"end":{"line":60,"column":3}},"line":42}},"branchMap":{"0":{"loc":{"start":{"line":29,"column":6},"end":{"line":33,"column":7}},"type":"if","locations":[{"start":{"line":29,"column":6},"end":{"line":33,"column":7}},{"start":{},"end":{}}],"line":29},"1":{"loc":{"start":{"line":46,"column":6},"end":{"line":50,"column":7}},"type":"if","locations":[{"start":{"line":46,"column":6},"end":{"line":50,"column":7}},{"start":{},"end":{}}],"line":46}},"s":{"0":5,"1":2,"2":2,"3":2,"4":1,"5":1,"6":1,"7":1,"8":1,"9":0,"10":2,"11":2,"12":2,"13":2,"14":2,"15":2,"16":1,"17":1,"18":1,"19":1,"20":1,"21":1,"22":1,"23":2,"24":2,"25":2,"26":2,"27":1,"28":1,"29":1,"30":1,"31":1,"32":1,"33":1,"34":5},"f":{"0":2,"1":1,"2":2,"3":2},"b":{"0":[1,1],"1":[1,1]},"_coverageSchema":"1a1c01bbd47fc00a2c39e90264f33305004495a9","hash":"4a28138177af4351f3c38d888c541cdbe29cdd83"}
,"H:\\HACKTIV8\\PHASE3\\WEEK4\\FINAL-PROJECT\\parkirsini\\server\\controllers\\index.js": {"path":"H:\\HACKTIV8\\PHASE3\\WEEK4\\FINAL-PROJECT\\parkirsini\\server\\controllers\\index.js","statementMap":{"0":{"start":{"line":4,"column":8},"end":{"line":4,"column":26}},"1":{"start":{"line":8,"column":0},"end":{"line":8,"column":28}}},"fnMap":{"0":{"name":"(anonymous_0)","decl":{"start":{"line":3,"column":4},"end":{"line":3,"column":5}},"loc":{"start":{"line":3,"column":26},"end":{"line":5,"column":7}},"line":3}},"branchMap":{},"s":{"0":0,"1":5},"f":{"0":0},"b":{},"_coverageSchema":"1a1c01bbd47fc00a2c39e90264f33305004495a9","hash":"2effe68acdc1e7713fd1c563ce24b104d2a9979c"}
,"H:\\HACKTIV8\\PHASE3\\WEEK4\\FINAL-PROJECT\\parkirsini\\server\\controllers\\landlord.js": {"path":"H:\\HACKTIV8\\PHASE3\\WEEK4\\FINAL-PROJECT\\parkirsini\\server\\controllers\\landlord.js","statementMap":{"0":{"start":{"line":1,"column":24},"end":{"line":1,"column":52}},"1":{"start":{"line":2,"column":37},"end":{"line":2,"column":62}},"2":{"start":{"line":3,"column":21},"end":{"line":3,"column":41}},"3":{"start":{"line":7,"column":8},"end":{"line":20,"column":9}},"4":{"start":{"line":8,"column":70},"end":{"line":8,"column":78}},"5":{"start":{"line":9,"column":27},"end":{"line":16,"column":14}},"6":{"start":{"line":17,"column":12},"end":{"line":17,"column":61}},"7":{"start":{"line":19,"column":12},"end":{"line":19,"column":24}},"8":{"start":{"line":24,"column":8},"end":{"line":40,"column":9}},"9":{"start":{"line":25,"column":40},"end":{"line":25,"column":48}},"10":{"start":{"line":26,"column":12},"end":{"line":26,"column":63}},"11":{"start":{"line":26,"column":24},"end":{"line":26,"column":63}},"12":{"start":{"line":27,"column":12},"end":{"line":27,"column":69}},"13":{"start":{"line":27,"column":27},"end":{"line":27,"column":69}},"14":{"start":{"line":29,"column":29},"end":{"line":29,"column":73}},"15":{"start":{"line":31,"column":12},"end":{"line":31,"column":71}},"16":{"start":{"line":31,"column":27},"end":{"line":31,"column":71}},"17":{"start":{"line":32,"column":26},"end":{"line":32,"column":66}},"18":{"start":{"line":33,"column":12},"end":{"line":33,"column":77}},"19":{"start":{"line":33,"column":33},"end":{"line":33,"column":77}},"20":{"start":{"line":35,"column":33},"end":{"line":35,"column":65}},"21":{"start":{"line":37,"column":12},"end":{"line":37,"column":51}},"22":{"start":{"line":39,"column":12},"end":{"line":39,"column":24}},"23":{"start":{"line":44,"column":0},"end":{"line":44,"column":35}}},"fnMap":{"0":{"name":"(anonymous_0)","decl":{"start":{"line":6,"column":4},"end":{"line":6,"column":5}},"loc":{"start":{"line":6,"column":42},"end":{"line":21,"column":5}},"line":6},"1":{"name":"(anonymous_1)","decl":{"start":{"line":23,"column":4},"end":{"line":23,"column":5}},"loc":{"start":{"line":23,"column":39},"end":{"line":41,"column":5}},"line":23}},"branchMap":{"0":{"loc":{"start":{"line":26,"column":12},"end":{"line":26,"column":63}},"type":"if","locations":[{"start":{"line":26,"column":12},"end":{"line":26,"column":63}},{"start":{},"end":{}}],"line":26},"1":{"loc":{"start":{"line":27,"column":12},"end":{"line":27,"column":69}},"type":"if","locations":[{"start":{"line":27,"column":12},"end":{"line":27,"column":69}},{"start":{},"end":{}}],"line":27},"2":{"loc":{"start":{"line":31,"column":12},"end":{"line":31,"column":71}},"type":"if","locations":[{"start":{"line":31,"column":12},"end":{"line":31,"column":71}},{"start":{},"end":{}}],"line":31},"3":{"loc":{"start":{"line":33,"column":12},"end":{"line":33,"column":77}},"type":"if","locations":[{"start":{"line":33,"column":12},"end":{"line":33,"column":77}},{"start":{},"end":{}}],"line":33}},"s":{"0":5,"1":5,"2":5,"3":3,"4":3,"5":3,"6":1,"7":2,"8":5,"9":5,"10":5,"11":1,"12":4,"13":1,"14":3,"15":3,"16":1,"17":2,"18":2,"19":1,"20":1,"21":1,"22":4,"23":5},"f":{"0":3,"1":5},"b":{"0":[1,4],"1":[1,3],"2":[1,2],"3":[1,1]},"_coverageSchema":"1a1c01bbd47fc00a2c39e90264f33305004495a9","hash":"78befe6acc61863dea9178bd81455b9b5ab4abbc"}
,"H:\\HACKTIV8\\PHASE3\\WEEK4\\FINAL-PROJECT\\parkirsini\\server\\controllers\\reviewController.js": {"path":"H:\\HACKTIV8\\PHASE3\\WEEK4\\FINAL-PROJECT\\parkirsini\\server\\controllers\\reviewController.js","statementMap":{"0":{"start":{"line":2,"column":31},"end":{"line":2,"column":53}},"1":{"start":{"line":5,"column":8},"end":{"line":11,"column":9}},"2":{"start":{"line":6,"column":28},"end":{"line":6,"column":62}},"3":{"start":{"line":7,"column":12},"end":{"line":7,"column":41}},"4":{"start":{"line":9,"column":12},"end":{"line":9,"column":31}},"5":{"start":{"line":10,"column":12},"end":{"line":10,"column":23}},"6":{"start":{"line":15,"column":8},"end":{"line":27,"column":9}},"7":{"start":{"line":16,"column":23},"end":{"line":16,"column":36}},"8":{"start":{"line":18,"column":28},"end":{"line":22,"column":14}},"9":{"start":{"line":23,"column":12},"end":{"line":23,"column":41}},"10":{"start":{"line":25,"column":12},"end":{"line":25,"column":31}},"11":{"start":{"line":26,"column":12},"end":{"line":26,"column":23}},"12":{"start":{"line":30,"column":8},"end":{"line":38,"column":9}},"13":{"start":{"line":31,"column":39},"end":{"line":31,"column":49}},"14":{"start":{"line":32,"column":39},"end":{"line":32,"column":47}},"15":{"start":{"line":33,"column":12},"end":{"line":33,"column":124}},"16":{"start":{"line":34,"column":12},"end":{"line":34,"column":68}},"17":{"start":{"line":36,"column":12},"end":{"line":36,"column":31}},"18":{"start":{"line":37,"column":12},"end":{"line":37,"column":23}},"19":{"start":{"line":44,"column":8},"end":{"line":54,"column":9}},"20":{"start":{"line":45,"column":27},"end":{"line":45,"column":40}},"21":{"start":{"line":46,"column":39},"end":{"line":46,"column":47}},"22":{"start":{"line":49,"column":12},"end":{"line":49,"column":91}},"23":{"start":{"line":50,"column":12},"end":{"line":50,"column":61}},"24":{"start":{"line":52,"column":12},"end":{"line":52,"column":31}},"25":{"start":{"line":53,"column":12},"end":{"line":53,"column":39}},"26":{"start":{"line":58,"column":8},"end":{"line":66,"column":9}},"27":{"start":{"line":59,"column":27},"end":{"line":59,"column":37}},"28":{"start":{"line":60,"column":12},"end":{"line":60,"column":52}},"29":{"start":{"line":61,"column":12},"end":{"line":61,"column":62}},"30":{"start":{"line":64,"column":12},"end":{"line":64,"column":31}},"31":{"start":{"line":65,"column":12},"end":{"line":65,"column":39}},"32":{"start":{"line":70,"column":0},"end":{"line":70,"column":33}}},"fnMap":{"0":{"name":"(anonymous_0)","decl":{"start":{"line":4,"column":4},"end":{"line":4,"column":5}},"loc":{"start":{"line":4,"column":46},"end":{"line":12,"column":5}},"line":4},"1":{"name":"(anonymous_1)","decl":{"start":{"line":14,"column":4},"end":{"line":14,"column":5}},"loc":{"start":{"line":14,"column":59},"end":{"line":28,"column":5}},"line":14},"2":{"name":"(anonymous_2)","decl":{"start":{"line":29,"column":4},"end":{"line":29,"column":5}},"loc":{"start":{"line":29,"column":46},"end":{"line":41,"column":5}},"line":29},"3":{"name":"(anonymous_3)","decl":{"start":{"line":43,"column":4},"end":{"line":43,"column":5}},"loc":{"start":{"line":43,"column":38},"end":{"line":55,"column":5}},"line":43},"4":{"name":"(anonymous_4)","decl":{"start":{"line":57,"column":4},"end":{"line":57,"column":5}},"loc":{"start":{"line":57,"column":40},"end":{"line":68,"column":5}},"line":57}},"branchMap":{},"s":{"0":5,"1":0,"2":0,"3":0,"4":0,"5":0,"6":0,"7":0,"8":0,"9":0,"10":0,"11":0,"12":0,"13":0,"14":0,"15":0,"16":0,"17":0,"18":0,"19":0,"20":0,"21":0,"22":0,"23":0,"24":0,"25":0,"26":0,"27":0,"28":0,"29":0,"30":0,"31":0,"32":5},"f":{"0":0,"1":0,"2":0,"3":0,"4":0},"b":{},"_coverageSchema":"1a1c01bbd47fc00a2c39e90264f33305004495a9","hash":"d932cf58fc711304a3775876ac4d89e2bdf1d9ee"}
,"H:\\HACKTIV8\\PHASE3\\WEEK4\\FINAL-PROJECT\\parkirsini\\server\\helpers\\bcrypt.js": {"path":"H:\\HACKTIV8\\PHASE3\\WEEK4\\FINAL-PROJECT\\parkirsini\\server\\helpers\\bcrypt.js","statementMap":{"0":{"start":{"line":1,"column":15},"end":{"line":1,"column":34}},"1":{"start":{"line":3,"column":21},"end":{"line":3,"column":56}},"2":{"start":{"line":3,"column":31},"end":{"line":3,"column":56}},"3":{"start":{"line":4,"column":20},"end":{"line":4,"column":70}},"4":{"start":{"line":4,"column":38},"end":{"line":4,"column":70}},"5":{"start":{"line":6,"column":0},"end":{"line":6,"column":47}}},"fnMap":{"0":{"name":"(anonymous_0)","decl":{"start":{"line":3,"column":21},"end":{"line":3,"column":22}},"loc":{"start":{"line":3,"column":31},"end":{"line":3,"column":56}},"line":3},"1":{"name":"(anonymous_1)","decl":{"start":{"line":4,"column":20},"end":{"line":4,"column":21}},"loc":{"start":{"line":4,"column":38},"end":{"line":4,"column":70}},"line":4}},"branchMap":{},"s":{"0":5,"1":5,"2":5,"3":5,"4":2,"5":5},"f":{"0":5,"1":2},"b":{},"_coverageSchema":"1a1c01bbd47fc00a2c39e90264f33305004495a9","hash":"4e1188262538451b61c103477a469681d86756d4"}
,"H:\\HACKTIV8\\PHASE3\\WEEK4\\FINAL-PROJECT\\parkirsini\\server\\helpers\\emailHtmlContent.js": {"path":"H:\\HACKTIV8\\PHASE3\\WEEK4\\FINAL-PROJECT\\parkirsini\\server\\helpers\\emailHtmlContent.js","statementMap":{"0":{"start":{"line":1,"column":21},"end":{"line":167,"column":1}},"1":{"start":{"line":2,"column":3},"end":{"line":166,"column":8}},"2":{"start":{"line":169,"column":29},"end":{"line":256,"column":1}},"3":{"start":{"line":170,"column":3},"end":{"line":255,"column":8}},"4":{"start":{"line":258,"column":0},"end":{"line":258,"column":55}}},"fnMap":{"0":{"name":"(anonymous_0)","decl":{"start":{"line":1,"column":21},"end":{"line":1,"column":22}},"loc":{"start":{"line":1,"column":33},"end":{"line":167,"column":1}},"line":1},"1":{"name":"(anonymous_1)","decl":{"start":{"line":169,"column":29},"end":{"line":169,"column":30}},"loc":{"start":{"line":169,"column":35},"end":{"line":256,"column":1}},"line":169}},"branchMap":{},"s":{"0":5,"1":0,"2":5,"3":0,"4":5},"f":{"0":0,"1":0},"b":{},"_coverageSchema":"1a1c01bbd47fc00a2c39e90264f33305004495a9","hash":"47d2444a17ebca26a4111e58bfdcec70065fb6db"}
,"H:\\HACKTIV8\\PHASE3\\WEEK4\\FINAL-PROJECT\\parkirsini\\server\\helpers\\jwt.js": {"path":"H:\\HACKTIV8\\PHASE3\\WEEK4\\FINAL-PROJECT\\parkirsini\\server\\helpers\\jwt.js","statementMap":{"0":{"start":{"line":1,"column":12},"end":{"line":1,"column":35}},"1":{"start":{"line":2,"column":15},"end":{"line":2,"column":33}},"2":{"start":{"line":4,"column":20},"end":{"line":4,"column":58}},"3":{"start":{"line":4,"column":33},"end":{"line":4,"column":58}},"4":{"start":{"line":5,"column":20},"end":{"line":5,"column":56}},"5":{"start":{"line":5,"column":31},"end":{"line":5,"column":56}},"6":{"start":{"line":7,"column":0},"end":{"line":7,"column":45}}},"fnMap":{"0":{"name":"(anonymous_0)","decl":{"start":{"line":4,"column":20},"end":{"line":4,"column":21}},"loc":{"start":{"line":4,"column":33},"end":{"line":4,"column":58}},"line":4},"1":{"name":"(anonymous_1)","decl":{"start":{"line":5,"column":20},"end":{"line":5,"column":21}},"loc":{"start":{"line":5,"column":31},"end":{"line":5,"column":56}},"line":5}},"branchMap":{},"s":{"0":5,"1":5,"2":5,"3":1,"4":5,"5":0,"6":5},"f":{"0":1,"1":0},"b":{},"_coverageSchema":"1a1c01bbd47fc00a2c39e90264f33305004495a9","hash":"43328d602541370eb97aafe44869dd46ae8e221f"}
,"H:\\HACKTIV8\\PHASE3\\WEEK4\\FINAL-PROJECT\\parkirsini\\server\\middlewares\\authentication.js": {"path":"H:\\HACKTIV8\\PHASE3\\WEEK4\\FINAL-PROJECT\\parkirsini\\server\\middlewares\\authentication.js","statementMap":{"0":{"start":{"line":1,"column":31},"end":{"line":1,"column":51}},"1":{"start":{"line":2,"column":24},"end":{"line":2,"column":49}},"2":{"start":{"line":5,"column":2},"end":{"line":21,"column":3}},"3":{"start":{"line":6,"column":27},"end":{"line":6,"column":38}},"4":{"start":{"line":7,"column":4},"end":{"line":7,"column":57}},"5":{"start":{"line":7,"column":23},"end":{"line":7,"column":57}},"6":{"start":{"line":8,"column":20},"end":{"line":8,"column":45}},"7":{"start":{"line":9,"column":18},"end":{"line":9,"column":53}},"8":{"start":{"line":10,"column":4},"end":{"line":10,"column":50}},"9":{"start":{"line":10,"column":16},"end":{"line":10,"column":50}},"10":{"start":{"line":11,"column":4},"end":{"line":16,"column":6}},"11":{"start":{"line":18,"column":4},"end":{"line":18,"column":11}},"12":{"start":{"line":20,"column":4},"end":{"line":20,"column":16}},"13":{"start":{"line":25,"column":2},"end":{"line":42,"column":3}},"14":{"start":{"line":26,"column":27},"end":{"line":26,"column":38}},"15":{"start":{"line":27,"column":4},"end":{"line":27,"column":57}},"16":{"start":{"line":27,"column":23},"end":{"line":27,"column":57}},"17":{"start":{"line":29,"column":18},"end":{"line":29,"column":43}},"18":{"start":{"line":31,"column":19},"end":{"line":31,"column":54}},"19":{"start":{"line":32,"column":4},"end":{"line":32,"column":53}},"20":{"start":{"line":32,"column":19},"end":{"line":32,"column":53}},"21":{"start":{"line":34,"column":4},"end":{"line":36,"column":6}},"22":{"start":{"line":38,"column":4},"end":{"line":38,"column":11}},"23":{"start":{"line":40,"column":4},"end":{"line":40,"column":23}},"24":{"start":{"line":41,"column":4},"end":{"line":41,"column":16}},"25":{"start":{"line":46,"column":2},"end":{"line":62,"column":3}},"26":{"start":{"line":47,"column":27},"end":{"line":47,"column":38}},"27":{"start":{"line":48,"column":4},"end":{"line":48,"column":57}},"28":{"start":{"line":48,"column":23},"end":{"line":48,"column":57}},"29":{"start":{"line":50,"column":18},"end":{"line":50,"column":43}},"30":{"start":{"line":52,"column":19},"end":{"line":52,"column":54}},"31":{"start":{"line":53,"column":4},"end":{"line":53,"column":53}},"32":{"start":{"line":53,"column":19},"end":{"line":53,"column":53}},"33":{"start":{"line":55,"column":4},"end":{"line":57,"column":6}},"34":{"start":{"line":59,"column":4},"end":{"line":59,"column":11}},"35":{"start":{"line":61,"column":4},"end":{"line":61,"column":16}},"36":{"start":{"line":65,"column":0},"end":{"line":69,"column":1}}},"fnMap":{"0":{"name":"authenticationAdmin","decl":{"start":{"line":4,"column":15},"end":{"line":4,"column":34}},"loc":{"start":{"line":4,"column":51},"end":{"line":22,"column":1}},"line":4},"1":{"name":"authenticationCustomer","decl":{"start":{"line":24,"column":15},"end":{"line":24,"column":37}},"loc":{"start":{"line":24,"column":54},"end":{"line":43,"column":1}},"line":24},"2":{"name":"authenticationLandlord","decl":{"start":{"line":45,"column":15},"end":{"line":45,"column":37}},"loc":{"start":{"line":45,"column":54},"end":{"line":63,"column":1}},"line":45}},"branchMap":{"0":{"loc":{"start":{"line":7,"column":4},"end":{"line":7,"column":57}},"type":"if","locations":[{"start":{"line":7,"column":4},"end":{"line":7,"column":57}},{"start":{},"end":{}}],"line":7},"1":{"loc":{"start":{"line":10,"column":4},"end":{"line":10,"column":50}},"type":"if","locations":[{"start":{"line":10,"column":4},"end":{"line":10,"column":50}},{"start":{},"end":{}}],"line":10},"2":{"loc":{"start":{"line":27,"column":4},"end":{"line":27,"column":57}},"type":"if","locations":[{"start":{"line":27,"column":4},"end":{"line":27,"column":57}},{"start":{},"end":{}}],"line":27},"3":{"loc":{"start":{"line":32,"column":4},"end":{"line":32,"column":53}},"type":"if","locations":[{"start":{"line":32,"column":4},"end":{"line":32,"column":53}},{"start":{},"end":{}}],"line":32},"4":{"loc":{"start":{"line":48,"column":4},"end":{"line":48,"column":57}},"type":"if","locations":[{"start":{"line":48,"column":4},"end":{"line":48,"column":57}},{"start":{},"end":{}}],"line":48},"5":{"loc":{"start":{"line":53,"column":4},"end":{"line":53,"column":53}},"type":"if","locations":[{"start":{"line":53,"column":4},"end":{"line":53,"column":53}},{"start":{},"end":{}}],"line":53}},"s":{"0":5,"1":5,"2":0,"3":0,"4":0,"5":0,"6":0,"7":0,"8":0,"9":0,"10":0,"11":0,"12":0,"13":0,"14":0,"15":0,"16":0,"17":0,"18":0,"19":0,"20":0,"21":0,"22":0,"23":0,"24":0,"25":0,"26":0,"27":0,"28":0,"29":0,"30":0,"31":0,"32":0,"33":0,"34":0,"35":0,"36":5},"f":{"0":0,"1":0,"2":0},"b":{"0":[0,0],"1":[0,0],"2":[0,0],"3":[0,0],"4":[0,0],"5":[0,0]},"_coverageSchema":"1a1c01bbd47fc00a2c39e90264f33305004495a9","hash":"0d39c341e2f6a43a2c058ae6a783accf7cc9482d"}
,"H:\\HACKTIV8\\PHASE3\\WEEK4\\FINAL-PROJECT\\parkirsini\\server\\middlewares\\errorHandler.js": {"path":"H:\\HACKTIV8\\PHASE3\\WEEK4\\FINAL-PROJECT\\parkirsini\\server\\middlewares\\errorHandler.js","statementMap":{"0":{"start":{"line":2,"column":15},"end":{"line":2,"column":18}},"1":{"start":{"line":3,"column":18},"end":{"line":3,"column":41}},"2":{"start":{"line":5,"column":4},"end":{"line":32,"column":5}},"3":{"start":{"line":9,"column":6},"end":{"line":9,"column":17}},"4":{"start":{"line":10,"column":6},"end":{"line":10,"column":39}},"5":{"start":{"line":11,"column":11},"end":{"line":32,"column":5}},"6":{"start":{"line":15,"column":6},"end":{"line":15,"column":17}},"7":{"start":{"line":16,"column":6},"end":{"line":16,"column":34}},"8":{"start":{"line":17,"column":11},"end":{"line":32,"column":5}},"9":{"start":{"line":18,"column":6},"end":{"line":18,"column":17}},"10":{"start":{"line":19,"column":6},"end":{"line":19,"column":35}},"11":{"start":{"line":20,"column":11},"end":{"line":32,"column":5}},"12":{"start":{"line":21,"column":6},"end":{"line":21,"column":17}},"13":{"start":{"line":22,"column":6},"end":{"line":22,"column":43}},"14":{"start":{"line":23,"column":11},"end":{"line":32,"column":5}},"15":{"start":{"line":24,"column":6},"end":{"line":24,"column":17}},"16":{"start":{"line":25,"column":6},"end":{"line":25,"column":41}},"17":{"start":{"line":26,"column":11},"end":{"line":32,"column":5}},"18":{"start":{"line":30,"column":6},"end":{"line":30,"column":17}},"19":{"start":{"line":31,"column":6},"end":{"line":31,"column":48}},"20":{"start":{"line":34,"column":4},"end":{"line":34,"column":39}},"21":{"start":{"line":36,"column":2},"end":{"line":36,"column":32}}},"fnMap":{"0":{"name":"errorHandler","decl":{"start":{"line":1,"column":9},"end":{"line":1,"column":21}},"loc":{"start":{"line":1,"column":45},"end":{"line":35,"column":3}},"line":1}},"branchMap":{"0":{"loc":{"start":{"line":5,"column":4},"end":{"line":32,"column":5}},"type":"if","locations":[{"start":{"line":5,"column":4},"end":{"line":32,"column":5}},{"start":{"line":11,"column":11},"end":{"line":32,"column":5}}],"line":5},"1":{"loc":{"start":{"line":6,"column":6},"end":{"line":7,"column":53}},"type":"binary-expr","locations":[{"start":{"line":6,"column":6},"end":{"line":6,"column":47}},{"start":{"line":7,"column":6},"end":{"line":7,"column":53}}],"line":6},"2":{"loc":{"start":{"line":11,"column":11},"end":{"line":32,"column":5}},"type":"if","locations":[{"start":{"line":11,"column":11},"end":{"line":32,"column":5}},{"start":{"line":17,"column":11},"end":{"line":32,"column":5}}],"line":11},"3":{"loc":{"start":{"line":12,"column":6},"end":{"line":13,"column":40}},"type":"binary-expr","locations":[{"start":{"line":12,"column":6},"end":{"line":12,"column":38}},{"start":{"line":13,"column":6},"end":{"line":13,"column":40}}],"line":12},"4":{"loc":{"start":{"line":17,"column":11},"end":{"line":32,"column":5}},"type":"if","locations":[{"start":{"line":17,"column":11},"end":{"line":32,"column":5}},{"start":{"line":20,"column":11},"end":{"line":32,"column":5}}],"line":17},"5":{"loc":{"start":{"line":20,"column":11},"end":{"line":32,"column":5}},"type":"if","locations":[{"start":{"line":20,"column":11},"end":{"line":32,"column":5}},{"start":{"line":23,"column":11},"end":{"line":32,"column":5}}],"line":20},"6":{"loc":{"start":{"line":23,"column":11},"end":{"line":32,"column":5}},"type":"if","locations":[{"start":{"line":23,"column":11},"end":{"line":32,"column":5}},{"start":{"line":26,"column":11},"end":{"line":32,"column":5}}],"line":23},"7":{"loc":{"start":{"line":26,"column":11},"end":{"line":32,"column":5}},"type":"if","locations":[{"start":{"line":26,"column":11},"end":{"line":32,"column":5}},{"start":{},"end":{}}],"line":26},"8":{"loc":{"start":{"line":27,"column":6},"end":{"line":28,"column":46}},"type":"binary-expr","locations":[{"start":{"line":27,"column":6},"end":{"line":27,"column":43}},{"start":{"line":28,"column":6},"end":{"line":28,"column":46}}],"line":27}},"s":{"0":11,"1":11,"2":11,"3":3,"4":3,"5":8,"6":0,"7":0,"8":8,"9":3,"10":3,"11":5,"12":0,"13":0,"14":5,"15":2,"16":2,"17":3,"18":2,"19":2,"20":11,"21":5},"f":{"0":11},"b":{"0":[3,8],"1":[11,8],"2":[0,8],"3":[8,8],"4":[3,5],"5":[0,5],"6":[2,3],"7":[2,1],"8":[3,2]},"_coverageSchema":"1a1c01bbd47fc00a2c39e90264f33305004495a9","hash":"19ff264ec480c26e183c7e103c194ea5e2a457ea"}
,"H:\\HACKTIV8\\PHASE3\\WEEK4\\FINAL-PROJECT\\parkirsini\\server\\models\\booking.js": {"path":"H:\\HACKTIV8\\PHASE3\\WEEK4\\FINAL-PROJECT\\parkirsini\\server\\models\\booking.js","statementMap":{"0":{"start":{"line":4,"column":4},"end":{"line":4,"column":24}},"1":{"start":{"line":5,"column":0},"end":{"line":72,"column":2}},"2":{"start":{"line":14,"column":6},"end":{"line":14,"column":79}},"3":{"start":{"line":17,"column":2},"end":{"line":70,"column":5}},"4":{"start":{"line":71,"column":2},"end":{"line":71,"column":17}}},"fnMap":{"0":{"name":"(anonymous_0)","decl":{"start":{"line":5,"column":17},"end":{"line":5,"column":18}},"loc":{"start":{"line":5,"column":43},"end":{"line":72,"column":1}},"line":5},"1":{"name":"(anonymous_1)","decl":{"start":{"line":12,"column":4},"end":{"line":12,"column":5}},"loc":{"start":{"line":12,"column":29},"end":{"line":15,"column":5}},"line":12}},"branchMap":{},"s":{"0":5,"1":5,"2":5,"3":5,"4":5},"f":{"0":5,"1":5},"b":{},"_coverageSchema":"1a1c01bbd47fc00a2c39e90264f33305004495a9","hash":"9a32e161a49c4fddf5844f2ee56daa6c4e2db744"}
,"H:\\HACKTIV8\\PHASE3\\WEEK4\\FINAL-PROJECT\\parkirsini\\server\\models\\customer.js": {"path":"H:\\HACKTIV8\\PHASE3\\WEEK4\\FINAL-PROJECT\\parkirsini\\server\\models\\customer.js","statementMap":{"0":{"start":{"line":4,"column":4},"end":{"line":4,"column":24}},"1":{"start":{"line":5,"column":25},"end":{"line":5,"column":53}},"2":{"start":{"line":6,"column":0},"end":{"line":79,"column":2}},"3":{"start":{"line":15,"column":6},"end":{"line":15,"column":69}},"4":{"start":{"line":16,"column":6},"end":{"line":16,"column":80}},"5":{"start":{"line":19,"column":2},"end":{"line":72,"column":5}},"6":{"start":{"line":75,"column":2},"end":{"line":77,"column":4}},"7":{"start":{"line":76,"column":4},"end":{"line":76,"column":55}},"8":{"start":{"line":78,"column":2},"end":{"line":78,"column":18}}},"fnMap":{"0":{"name":"(anonymous_0)","decl":{"start":{"line":6,"column":17},"end":{"line":6,"column":18}},"loc":{"start":{"line":6,"column":43},"end":{"line":79,"column":1}},"line":6},"1":{"name":"(anonymous_1)","decl":{"start":{"line":13,"column":4},"end":{"line":13,"column":5}},"loc":{"start":{"line":13,"column":29},"end":{"line":17,"column":5}},"line":13},"2":{"name":"(anonymous_2)","decl":{"start":{"line":75,"column":24},"end":{"line":75,"column":25}},"loc":{"start":{"line":75,"column":47},"end":{"line":77,"column":3}},"line":75}},"branchMap":{},"s":{"0":5,"1":5,"2":5,"3":5,"4":5,"5":5,"6":5,"7":0,"8":5},"f":{"0":5,"1":5,"2":0},"b":{},"_coverageSchema":"1a1c01bbd47fc00a2c39e90264f33305004495a9","hash":"fb6d4414dcf3400ac4ed10342c1c09255280a7cc"}
,"H:\\HACKTIV8\\PHASE3\\WEEK4\\FINAL-PROJECT\\parkirsini\\server\\models\\facility.js": {"path":"H:\\HACKTIV8\\PHASE3\\WEEK4\\FINAL-PROJECT\\parkirsini\\server\\models\\facility.js","statementMap":{"0":{"start":{"line":4,"column":4},"end":{"line":4,"column":24}},"1":{"start":{"line":5,"column":0},"end":{"line":35,"column":2}},"2":{"start":{"line":14,"column":6},"end":{"line":14,"column":77}},"3":{"start":{"line":17,"column":2},"end":{"line":33,"column":5}},"4":{"start":{"line":34,"column":2},"end":{"line":34,"column":18}}},"fnMap":{"0":{"name":"(anonymous_0)","decl":{"start":{"line":5,"column":17},"end":{"line":5,"column":18}},"loc":{"start":{"line":5,"column":43},"end":{"line":35,"column":1}},"line":5},"1":{"name":"(anonymous_1)","decl":{"start":{"line":12,"column":4},"end":{"line":12,"column":5}},"loc":{"start":{"line":12,"column":29},"end":{"line":15,"column":5}},"line":12}},"branchMap":{},"s":{"0":5,"1":5,"2":5,"3":5,"4":5},"f":{"0":5,"1":5},"b":{},"_coverageSchema":"1a1c01bbd47fc00a2c39e90264f33305004495a9","hash":"967f4c867121e1d3c61d7978553d7eb10e2350a7"}
,"H:\\HACKTIV8\\PHASE3\\WEEK4\\FINAL-PROJECT\\parkirsini\\server\\models\\facilityparking.js": {"path":"H:\\HACKTIV8\\PHASE3\\WEEK4\\FINAL-PROJECT\\parkirsini\\server\\models\\facilityparking.js","statementMap":{"0":{"start":{"line":4,"column":4},"end":{"line":4,"column":24}},"1":{"start":{"line":5,"column":0},"end":{"line":48,"column":2}},"2":{"start":{"line":14,"column":6},"end":{"line":14,"column":79}},"3":{"start":{"line":15,"column":6},"end":{"line":15,"column":87}},"4":{"start":{"line":18,"column":2},"end":{"line":46,"column":5}},"5":{"start":{"line":47,"column":2},"end":{"line":47,"column":25}}},"fnMap":{"0":{"name":"(anonymous_0)","decl":{"start":{"line":5,"column":17},"end":{"line":5,"column":18}},"loc":{"start":{"line":5,"column":43},"end":{"line":48,"column":1}},"line":5},"1":{"name":"(anonymous_1)","decl":{"start":{"line":12,"column":4},"end":{"line":12,"column":5}},"loc":{"start":{"line":12,"column":29},"end":{"line":16,"column":5}},"line":12}},"branchMap":{},"s":{"0":5,"1":5,"2":5,"3":5,"4":5,"5":5},"f":{"0":5,"1":5},"b":{},"_coverageSchema":"1a1c01bbd47fc00a2c39e90264f33305004495a9","hash":"619b85b195b884e2e6b25799d625f71fe12effd6"}
,"H:\\HACKTIV8\\PHASE3\\WEEK4\\FINAL-PROJECT\\parkirsini\\server\\models\\index.js": {"path":"H:\\HACKTIV8\\PHASE3\\WEEK4\\FINAL-PROJECT\\parkirsini\\server\\models\\index.js","statementMap":{"0":{"start":{"line":3,"column":11},"end":{"line":3,"column":24}},"1":{"start":{"line":4,"column":13},"end":{"line":4,"column":28}},"2":{"start":{"line":5,"column":18},"end":{"line":5,"column":38}},"3":{"start":{"line":6,"column":16},"end":{"line":6,"column":34}},"4":{"start":{"line":7,"column":17},"end":{"line":7,"column":42}},"5":{"start":{"line":8,"column":12},"end":{"line":8,"column":49}},"6":{"start":{"line":9,"column":15},"end":{"line":9,"column":65}},"7":{"start":{"line":10,"column":11},"end":{"line":10,"column":13}},"8":{"start":{"line":13,"column":0},"end":{"line":17,"column":1}},"9":{"start":{"line":14,"column":2},"end":{"line":14,"column":74}},"10":{"start":{"line":16,"column":2},"end":{"line":16,"column":87}},"11":{"start":{"line":19,"column":0},"end":{"line":32,"column":5}},"12":{"start":{"line":22,"column":4},"end":{"line":27,"column":6}},"13":{"start":{"line":30,"column":18},"end":{"line":30,"column":85}},"14":{"start":{"line":31,"column":4},"end":{"line":31,"column":27}},"15":{"start":{"line":34,"column":0},"end":{"line":38,"column":3}},"16":{"start":{"line":35,"column":2},"end":{"line":37,"column":3}},"17":{"start":{"line":36,"column":4},"end":{"line":36,"column":32}},"18":{"start":{"line":40,"column":0},"end":{"line":40,"column":25}},"19":{"start":{"line":41,"column":0},"end":{"line":41,"column":25}},"20":{"start":{"line":43,"column":0},"end":{"line":43,"column":20}}},"fnMap":{"0":{"name":"(anonymous_0)","decl":{"start":{"line":21,"column":10},"end":{"line":21,"column":11}},"loc":{"start":{"line":21,"column":18},"end":{"line":28,"column":3}},"line":21},"1":{"name":"(anonymous_1)","decl":{"start":{"line":29,"column":11},"end":{"line":29,"column":12}},"loc":{"start":{"line":29,"column":19},"end":{"line":32,"column":3}},"line":29},"2":{"name":"(anonymous_2)","decl":{"start":{"line":34,"column":24},"end":{"line":34,"column":25}},"loc":{"start":{"line":34,"column":37},"end":{"line":38,"column":1}},"line":34}},"branchMap":{"0":{"loc":{"start":{"line":8,"column":12},"end":{"line":8,"column":49}},"type":"binary-expr","locations":[{"start":{"line":8,"column":12},"end":{"line":8,"column":32}},{"start":{"line":8,"column":36},"end":{"line":8,"column":49}}],"line":8},"1":{"loc":{"start":{"line":13,"column":0},"end":{"line":17,"column":1}},"type":"if","locations":[{"start":{"line":13,"column":0},"end":{"line":17,"column":1}},{"start":{"line":15,"column":7},"end":{"line":17,"column":1}}],"line":13},"2":{"loc":{"start":{"line":23,"column":6},"end":{"line":26,"column":37}},"type":"binary-expr","locations":[{"start":{"line":23,"column":6},"end":{"line":23,"column":29}},{"start":{"line":24,"column":6},"end":{"line":24,"column":23}},{"start":{"line":25,"column":6},"end":{"line":25,"column":30}},{"start":{"line":26,"column":6},"end":{"line":26,"column":37}}],"line":23},"3":{"loc":{"start":{"line":35,"column":2},"end":{"line":37,"column":3}},"type":"if","locations":[{"start":{"line":35,"column":2},"end":{"line":37,"column":3}},{"start":{},"end":{}}],"line":35}},"s":{"0":5,"1":5,"2":5,"3":5,"4":5,"5":5,"6":5,"7":5,"8":5,"9":0,"10":5,"11":5,"12":45,"13":40,"14":40,"15":5,"16":40,"17":40,"18":5,"19":5,"20":5},"f":{"0":45,"1":40,"2":40},"b":{"0":[5,0],"1":[0,5],"2":[45,45,40,40],"3":[40,0]},"_coverageSchema":"1a1c01bbd47fc00a2c39e90264f33305004495a9","hash":"b3ad22d135601bf10771cbb5db379898bdcb1560"}
,"H:\\HACKTIV8\\PHASE3\\WEEK4\\FINAL-PROJECT\\parkirsini\\server\\models\\landlord.js": {"path":"H:\\HACKTIV8\\PHASE3\\WEEK4\\FINAL-PROJECT\\parkirsini\\server\\models\\landlord.js","statementMap":{"0":{"start":{"line":2,"column":18},"end":{"line":2,"column":38}},"1":{"start":{"line":3,"column":25},"end":{"line":3,"column":53}},"2":{"start":{"line":5,"column":0},"end":{"line":111,"column":2}},"3":{"start":{"line":14,"column":6},"end":{"line":14,"column":74}},"4":{"start":{"line":17,"column":2},"end":{"line":109,"column":4}},"5":{"start":{"line":103,"column":10},"end":{"line":103,"column":54}},"6":{"start":{"line":110,"column":2},"end":{"line":110,"column":18}}},"fnMap":{"0":{"name":"(anonymous_0)","decl":{"start":{"line":5,"column":17},"end":{"line":5,"column":18}},"loc":{"start":{"line":5,"column":43},"end":{"line":111,"column":1}},"line":5},"1":{"name":"(anonymous_1)","decl":{"start":{"line":12,"column":4},"end":{"line":12,"column":5}},"loc":{"start":{"line":12,"column":29},"end":{"line":15,"column":5}},"line":12},"2":{"name":"(anonymous_2)","decl":{"start":{"line":102,"column":8},"end":{"line":102,"column":9}},"loc":{"start":{"line":102,"column":27},"end":{"line":104,"column":9}},"line":102}},"branchMap":{},"s":{"0":5,"1":5,"2":5,"3":5,"4":5,"5":1,"6":5},"f":{"0":5,"1":5,"2":1},"b":{},"_coverageSchema":"1a1c01bbd47fc00a2c39e90264f33305004495a9","hash":"4c091b9e8578050793e0b85f72d3b83177721e0a"}
,"H:\\HACKTIV8\\PHASE3\\WEEK4\\FINAL-PROJECT\\parkirsini\\server\\models\\parkingspace.js": {"path":"H:\\HACKTIV8\\PHASE3\\WEEK4\\FINAL-PROJECT\\parkirsini\\server\\models\\parkingspace.js","statementMap":{"0":{"start":{"line":2,"column":18},"end":{"line":2,"column":38}},"1":{"start":{"line":3,"column":0},"end":{"line":154,"column":2}},"2":{"start":{"line":12,"column":6},"end":{"line":12,"column":76}},"3":{"start":{"line":13,"column":6},"end":{"line":15,"column":9}},"4":{"start":{"line":16,"column":6},"end":{"line":18,"column":9}},"5":{"start":{"line":19,"column":6},"end":{"line":19,"column":77}},"6":{"start":{"line":20,"column":6},"end":{"line":22,"column":9}},"7":{"start":{"line":36,"column":2},"end":{"line":151,"column":5}},"8":{"start":{"line":153,"column":2},"end":{"line":153,"column":22}}},"fnMap":{"0":{"name":"(anonymous_0)","decl":{"start":{"line":3,"column":17},"end":{"line":3,"column":18}},"loc":{"start":{"line":3,"column":43},"end":{"line":154,"column":1}},"line":3},"1":{"name":"(anonymous_1)","decl":{"start":{"line":10,"column":4},"end":{"line":10,"column":5}},"loc":{"start":{"line":10,"column":29},"end":{"line":23,"column":5}},"line":10}},"branchMap":{},"s":{"0":5,"1":5,"2":5,"3":5,"4":5,"5":5,"6":5,"7":5,"8":5},"f":{"0":5,"1":5},"b":{},"_coverageSchema":"1a1c01bbd47fc00a2c39e90264f33305004495a9","hash":"e5c887e6af126162376f647f3973e6acb3f9711a"}
,"H:\\HACKTIV8\\PHASE3\\WEEK4\\FINAL-PROJECT\\parkirsini\\server\\models\\parkingspaceimage.js": {"path":"H:\\HACKTIV8\\PHASE3\\WEEK4\\FINAL-PROJECT\\parkirsini\\server\\models\\parkingspaceimage.js","statementMap":{"0":{"start":{"line":4,"column":4},"end":{"line":4,"column":24}},"1":{"start":{"line":5,"column":0},"end":{"line":47,"column":2}},"2":{"start":{"line":14,"column":6},"end":{"line":14,"column":89}},"3":{"start":{"line":17,"column":2},"end":{"line":45,"column":5}},"4":{"start":{"line":46,"column":2},"end":{"line":46,"column":27}}},"fnMap":{"0":{"name":"(anonymous_0)","decl":{"start":{"line":5,"column":17},"end":{"line":5,"column":18}},"loc":{"start":{"line":5,"column":43},"end":{"line":47,"column":1}},"line":5},"1":{"name":"(anonymous_1)","decl":{"start":{"line":12,"column":4},"end":{"line":12,"column":5}},"loc":{"start":{"line":12,"column":29},"end":{"line":15,"column":5}},"line":12}},"branchMap":{},"s":{"0":5,"1":5,"2":5,"3":5,"4":5},"f":{"0":5,"1":5},"b":{},"_coverageSchema":"1a1c01bbd47fc00a2c39e90264f33305004495a9","hash":"d21838a395e93ed1995a3eaddd819a99cfcc163c"}
,"H:\\HACKTIV8\\PHASE3\\WEEK4\\FINAL-PROJECT\\parkirsini\\server\\models\\parkingspacereview.js": {"path":"H:\\HACKTIV8\\PHASE3\\WEEK4\\FINAL-PROJECT\\parkirsini\\server\\models\\parkingspacereview.js","statementMap":{"0":{"start":{"line":4,"column":4},"end":{"line":4,"column":24}},"1":{"start":{"line":5,"column":0},"end":{"line":71,"column":2}},"2":{"start":{"line":14,"column":6},"end":{"line":14,"column":90}},"3":{"start":{"line":17,"column":2},"end":{"line":69,"column":5}},"4":{"start":{"line":70,"column":2},"end":{"line":70,"column":28}}},"fnMap":{"0":{"name":"(anonymous_0)","decl":{"start":{"line":5,"column":17},"end":{"line":5,"column":18}},"loc":{"start":{"line":5,"column":43},"end":{"line":71,"column":1}},"line":5},"1":{"name":"(anonymous_1)","decl":{"start":{"line":12,"column":4},"end":{"line":12,"column":5}},"loc":{"start":{"line":12,"column":29},"end":{"line":15,"column":5}},"line":12}},"branchMap":{},"s":{"0":5,"1":5,"2":5,"3":5,"4":5},"f":{"0":5,"1":5},"b":{},"_coverageSchema":"1a1c01bbd47fc00a2c39e90264f33305004495a9","hash":"33cc70722abb23c9a7dc32840b9c1cf4e4564f62"}
,"H:\\HACKTIV8\\PHASE3\\WEEK4\\FINAL-PROJECT\\parkirsini\\server\\routes\\adminRouter.js": {"path":"H:\\HACKTIV8\\PHASE3\\WEEK4\\FINAL-PROJECT\\parkirsini\\server\\routes\\adminRouter.js","statementMap":{"0":{"start":{"line":1,"column":15},"end":{"line":1,"column":42}},"1":{"start":{"line":2,"column":13},"end":{"line":2,"column":49}},"2":{"start":{"line":3,"column":14},"end":{"line":3,"column":45}},"3":{"start":{"line":4,"column":32},"end":{"line":4,"column":72}},"4":{"start":{"line":6,"column":0},"end":{"line":6,"column":34}},"5":{"start":{"line":7,"column":0},"end":{"line":7,"column":40}},"6":{"start":{"line":9,"column":0},"end":{"line":9,"column":32}},"7":{"start":{"line":11,"column":0},"end":{"line":11,"column":54}},"8":{"start":{"line":12,"column":0},"end":{"line":12,"column":64}},"9":{"start":{"line":13,"column":0},"end":{"line":13,"column":56}},"10":{"start":{"line":14,"column":0},"end":{"line":14,"column":57}},"11":{"start":{"line":15,"column":0},"end":{"line":15,"column":62}},"12":{"start":{"line":17,"column":0},"end":{"line":17,"column":66}},"13":{"start":{"line":18,"column":0},"end":{"line":18,"column":72}},"14":{"start":{"line":19,"column":0},"end":{"line":19,"column":71}},"15":{"start":{"line":20,"column":0},"end":{"line":20,"column":73}},"16":{"start":{"line":22,"column":0},"end":{"line":22,"column":24}}},"fnMap":{},"branchMap":{},"s":{"0":5,"1":5,"2":5,"3":5,"4":5,"5":5,"6":5,"7":5,"8":5,"9":5,"10":5,"11":5,"12":5,"13":5,"14":5,"15":5,"16":5},"f":{},"b":{},"_coverageSchema":"1a1c01bbd47fc00a2c39e90264f33305004495a9","hash":"a63eb47bef9b55c4e7121ef7bacbd11e186ea4a8"}
,"H:\\HACKTIV8\\PHASE3\\WEEK4\\FINAL-PROJECT\\parkirsini\\server\\routes\\createBooking.js": {"path":"H:\\HACKTIV8\\PHASE3\\WEEK4\\FINAL-PROJECT\\parkirsini\\server\\routes\\createBooking.js","statementMap":{"0":{"start":{"line":1,"column":15},"end":{"line":1,"column":42}},"1":{"start":{"line":2,"column":19},"end":{"line":2,"column":58}},"2":{"start":{"line":3,"column":35},"end":{"line":3,"column":75}},"3":{"start":{"line":5,"column":0},"end":{"line":7,"column":83}},"4":{"start":{"line":9,"column":0},"end":{"line":9,"column":23}}},"fnMap":{},"branchMap":{},"s":{"0":5,"1":5,"2":5,"3":5,"4":5},"f":{},"b":{},"_coverageSchema":"1a1c01bbd47fc00a2c39e90264f33305004495a9","hash":"d269d1cc65fdcedc3f9b743d41ab23930de9e051"}
,"H:\\HACKTIV8\\PHASE3\\WEEK4\\FINAL-PROJECT\\parkirsini\\server\\routes\\customer.js": {"path":"H:\\HACKTIV8\\PHASE3\\WEEK4\\FINAL-PROJECT\\parkirsini\\server\\routes\\customer.js","statementMap":{"0":{"start":{"line":1,"column":15},"end":{"line":1,"column":42}},"1":{"start":{"line":2,"column":27},"end":{"line":2,"column":61}},"2":{"start":{"line":4,"column":0},"end":{"line":4,"column":54}},"3":{"start":{"line":5,"column":0},"end":{"line":5,"column":48}},"4":{"start":{"line":6,"column":0},"end":{"line":6,"column":64}},"5":{"start":{"line":7,"column":0},"end":{"line":7,"column":64}},"6":{"start":{"line":8,"column":0},"end":{"line":8,"column":77}},"7":{"start":{"line":10,"column":0},"end":{"line":10,"column":24}}},"fnMap":{},"branchMap":{},"s":{"0":5,"1":5,"2":5,"3":5,"4":5,"5":5,"6":5,"7":5},"f":{},"b":{},"_coverageSchema":"1a1c01bbd47fc00a2c39e90264f33305004495a9","hash":"a8c7b4364d1c2eda1e109aa0da69d51bcb8e23ae"}
,"H:\\HACKTIV8\\PHASE3\\WEEK4\\FINAL-PROJECT\\parkirsini\\server\\routes\\index.js": {"path":"H:\\HACKTIV8\\PHASE3\\WEEK4\\FINAL-PROJECT\\parkirsini\\server\\routes\\index.js","statementMap":{"0":{"start":{"line":1,"column":15},"end":{"line":1,"column":42}},"1":{"start":{"line":2,"column":19},"end":{"line":2,"column":50}},"2":{"start":{"line":3,"column":24},"end":{"line":3,"column":61}},"3":{"start":{"line":4,"column":15},"end":{"line":4,"column":32}},"4":{"start":{"line":5,"column":32},"end":{"line":5,"column":56}},"5":{"start":{"line":6,"column":15},"end":{"line":6,"column":34}},"6":{"start":{"line":7,"column":21},"end":{"line":7,"column":59}},"7":{"start":{"line":28,"column":20},"end":{"line":28,"column":44}},"8":{"start":{"line":29,"column":21},"end":{"line":29,"column":46}},"9":{"start":{"line":30,"column":23},"end":{"line":30,"column":44}},"10":{"start":{"line":31,"column":23},"end":{"line":31,"column":44}},"11":{"start":{"line":32,"column":22},"end":{"line":32,"column":48}},"12":{"start":{"line":34,"column":0},"end":{"line":42,"column":21}},"13":{"start":{"line":45,"column":0},"end":{"line":45,"column":24}}},"fnMap":{},"branchMap":{},"s":{"0":5,"1":5,"2":5,"3":5,"4":5,"5":5,"6":5,"7":5,"8":5,"9":5,"10":5,"11":5,"12":5,"13":5},"f":{},"b":{},"_coverageSchema":"1a1c01bbd47fc00a2c39e90264f33305004495a9","hash":"8e82cf09a1eded6424afd085db266f37271c2137"}
,"H:\\HACKTIV8\\PHASE3\\WEEK4\\FINAL-PROJECT\\parkirsini\\server\\routes\\landlord.js": {"path":"H:\\HACKTIV8\\PHASE3\\WEEK4\\FINAL-PROJECT\\parkirsini\\server\\routes\\landlord.js","statementMap":{"0":{"start":{"line":1,"column":15},"end":{"line":1,"column":42}},"1":{"start":{"line":2,"column":27},"end":{"line":2,"column":61}},"2":{"start":{"line":3,"column":27},"end":{"line":3,"column":61}},"3":{"start":{"line":5,"column":0},"end":{"line":5,"column":54}},"4":{"start":{"line":6,"column":0},"end":{"line":6,"column":48}},"5":{"start":{"line":8,"column":0},"end":{"line":8,"column":57}},"6":{"start":{"line":9,"column":0},"end":{"line":9,"column":59}},"7":{"start":{"line":10,"column":0},"end":{"line":10,"column":64}},"8":{"start":{"line":11,"column":0},"end":{"line":11,"column":65}},"9":{"start":{"line":13,"column":0},"end":{"line":13,"column":24}}},"fnMap":{},"branchMap":{},"s":{"0":5,"1":5,"2":5,"3":5,"4":5,"5":5,"6":5,"7":5,"8":5,"9":5},"f":{},"b":{},"_coverageSchema":"1a1c01bbd47fc00a2c39e90264f33305004495a9","hash":"8516e662bb1a9afb44d908c216c35a80e316d796"}
,"H:\\HACKTIV8\\PHASE3\\WEEK4\\FINAL-PROJECT\\parkirsini\\server\\routes\\reviewRouter.js": {"path":"H:\\HACKTIV8\\PHASE3\\WEEK4\\FINAL-PROJECT\\parkirsini\\server\\routes\\reviewRouter.js","statementMap":{"0":{"start":{"line":1,"column":25},"end":{"line":1,"column":67}},"1":{"start":{"line":2,"column":35},"end":{"line":2,"column":75}},"2":{"start":{"line":3,"column":15},"end":{"line":3,"column":42}},"3":{"start":{"line":5,"column":0},"end":{"line":5,"column":46}},"4":{"start":{"line":6,"column":0},"end":{"line":6,"column":62}},"5":{"start":{"line":7,"column":0},"end":{"line":7,"column":86}},"6":{"start":{"line":8,"column":0},"end":{"line":8,"column":49}},"7":{"start":{"line":9,"column":0},"end":{"line":9,"column":52}},"8":{"start":{"line":11,"column":0},"end":{"line":11,"column":23}}},"fnMap":{},"branchMap":{},"s":{"0":5,"1":5,"2":5,"3":5,"4":5,"5":5,"6":5,"7":5,"8":5},"f":{},"b":{},"_coverageSchema":"1a1c01bbd47fc00a2c39e90264f33305004495a9","hash":"fd88983d26699babc37e14009ef6d65b6f92cbde"}
}
