{"C:\\Users\\Vince\\hacktiv8\\FinalProject\\parkirsini\\server\\app.js": {"path":"C:\\Users\\Vince\\hacktiv8\\FinalProject\\parkirsini\\server\\app.js","statementMap":{"0":{"start":{"line":1,"column":0},"end":{"line":1,"column":27}},"1":{"start":{"line":2,"column":16},"end":{"line":2,"column":34}},"2":{"start":{"line":3,"column":12},"end":{"line":3,"column":21}},"3":{"start":{"line":4,"column":15},"end":{"line":4,"column":34}},"4":{"start":{"line":5,"column":13},"end":{"line":5,"column":28}},"5":{"start":{"line":7,"column":0},"end":{"line":7,"column":16}},"6":{"start":{"line":9,"column":0},"end":{"line":9,"column":48}},"7":{"start":{"line":10,"column":0},"end":{"line":10,"column":24}},"8":{"start":{"line":11,"column":0},"end":{"line":11,"column":16}},"9":{"start":{"line":13,"column":0},"end":{"line":13,"column":21}}},"fnMap":{},"branchMap":{},"s":{"0":7,"1":7,"2":7,"3":7,"4":7,"5":7,"6":7,"7":7,"8":7,"9":7},"f":{},"b":{},"_coverageSchema":"1a1c01bbd47fc00a2c39e90264f33305004495a9","hash":"243667ae8e8371d385061819152ec73288ee0fb9"}
,"C:\\Users\\Vince\\hacktiv8\\FinalProject\\parkirsini\\server\\cloudinary\\index.js": {"path":"C:\\Users\\Vince\\hacktiv8\\FinalProject\\parkirsini\\server\\cloudinary\\index.js","statementMap":{"0":{"start":{"line":1,"column":19},"end":{"line":1,"column":43}},"1":{"start":{"line":2,"column":30},"end":{"line":2,"column":66}},"2":{"start":{"line":4,"column":0},"end":{"line":8,"column":3}},"3":{"start":{"line":10,"column":16},"end":{"line":16,"column":2}},"4":{"start":{"line":18,"column":0},"end":{"line":21,"column":1}}},"fnMap":{},"branchMap":{},"s":{"0":7,"1":7,"2":7,"3":7,"4":7},"f":{},"b":{},"_coverageSchema":"1a1c01bbd47fc00a2c39e90264f33305004495a9","hash":"ab29a8e8302e0281370966a9ca0e93a52982d908"}
,"C:\\Users\\Vince\\hacktiv8\\FinalProject\\parkirsini\\server\\controllers\\ImageUpload.js": {"path":"C:\\Users\\Vince\\hacktiv8\\FinalProject\\parkirsini\\server\\controllers\\ImageUpload.js","statementMap":{"0":{"start":{"line":3,"column":6},"end":{"line":3,"column":28}},"1":{"start":{"line":7,"column":0},"end":{"line":7,"column":28}}},"fnMap":{"0":{"name":"(anonymous_0)","decl":{"start":{"line":2,"column":3},"end":{"line":2,"column":4}},"loc":{"start":{"line":2,"column":39},"end":{"line":4,"column":4}},"line":2}},"branchMap":{},"s":{"0":0,"1":7},"f":{"0":0},"b":{},"_coverageSchema":"1a1c01bbd47fc00a2c39e90264f33305004495a9","hash":"cdb3234998375466bb7cc8fcebf4477e1bf28380"}
,"C:\\Users\\Vince\\hacktiv8\\FinalProject\\parkirsini\\server\\controllers\\admin-auth.js": {"path":"C:\\Users\\Vince\\hacktiv8\\FinalProject\\parkirsini\\server\\controllers\\admin-auth.js","statementMap":{"0":{"start":{"line":1,"column":21},"end":{"line":1,"column":41}},"1":{"start":{"line":2,"column":24},"end":{"line":2,"column":52}},"2":{"start":{"line":3,"column":24},"end":{"line":3,"column":49}},"3":{"start":{"line":6,"column":19},"end":{"line":10,"column":4}},"4":{"start":{"line":11,"column":2},"end":{"line":11,"column":61}},"5":{"start":{"line":11,"column":17},"end":{"line":11,"column":61}},"6":{"start":{"line":12,"column":24},"end":{"line":12,"column":64}},"7":{"start":{"line":13,"column":2},"end":{"line":13,"column":66}},"8":{"start":{"line":13,"column":22},"end":{"line":13,"column":66}},"9":{"start":{"line":14,"column":23},"end":{"line":18,"column":4}},"10":{"start":{"line":20,"column":2},"end":{"line":20,"column":22}},"11":{"start":{"line":25,"column":4},"end":{"line":34,"column":5}},"12":{"start":{"line":26,"column":34},"end":{"line":26,"column":42}},"13":{"start":{"line":27,"column":6},"end":{"line":27,"column":57}},"14":{"start":{"line":27,"column":18},"end":{"line":27,"column":57}},"15":{"start":{"line":28,"column":6},"end":{"line":28,"column":63}},"16":{"start":{"line":28,"column":21},"end":{"line":28,"column":63}},"17":{"start":{"line":29,"column":27},"end":{"line":29,"column":62}},"18":{"start":{"line":30,"column":6},"end":{"line":30,"column":33}},"19":{"start":{"line":32,"column":6},"end":{"line":32,"column":25}},"20":{"start":{"line":33,"column":6},"end":{"line":33,"column":18}},"21":{"start":{"line":38,"column":4},"end":{"line":55,"column":5}},"22":{"start":{"line":39,"column":66},"end":{"line":39,"column":74}},"23":{"start":{"line":40,"column":25},"end":{"line":48,"column":8}},"24":{"start":{"line":50,"column":6},"end":{"line":52,"column":9}},"25":{"start":{"line":54,"column":6},"end":{"line":54,"column":18}},"26":{"start":{"line":59,"column":0},"end":{"line":59,"column":22}}},"fnMap":{"0":{"name":"processLogin","decl":{"start":{"line":5,"column":15},"end":{"line":5,"column":27}},"loc":{"start":{"line":5,"column":45},"end":{"line":21,"column":1}},"line":5},"1":{"name":"(anonymous_1)","decl":{"start":{"line":24,"column":2},"end":{"line":24,"column":3}},"loc":{"start":{"line":24,"column":37},"end":{"line":35,"column":3}},"line":24},"2":{"name":"(anonymous_2)","decl":{"start":{"line":37,"column":2},"end":{"line":37,"column":3}},"loc":{"start":{"line":37,"column":40},"end":{"line":56,"column":3}},"line":37}},"branchMap":{"0":{"loc":{"start":{"line":11,"column":2},"end":{"line":11,"column":61}},"type":"if","locations":[{"start":{"line":11,"column":2},"end":{"line":11,"column":61}},{"start":{},"end":{}}],"line":11},"1":{"loc":{"start":{"line":13,"column":2},"end":{"line":13,"column":66}},"type":"if","locations":[{"start":{"line":13,"column":2},"end":{"line":13,"column":66}},{"start":{},"end":{}}],"line":13},"2":{"loc":{"start":{"line":27,"column":6},"end":{"line":27,"column":57}},"type":"if","locations":[{"start":{"line":27,"column":6},"end":{"line":27,"column":57}},{"start":{},"end":{}}],"line":27},"3":{"loc":{"start":{"line":28,"column":6},"end":{"line":28,"column":63}},"type":"if","locations":[{"start":{"line":28,"column":6},"end":{"line":28,"column":63}},{"start":{},"end":{}}],"line":28}},"s":{"0":7,"1":7,"2":7,"3":5,"4":5,"5":1,"6":4,"7":4,"8":1,"9":3,"10":3,"11":7,"12":7,"13":7,"14":1,"15":6,"16":1,"17":5,"18":3,"19":4,"20":4,"21":4,"22":4,"23":4,"24":1,"25":3,"26":7},"f":{"0":5,"1":7,"2":4},"b":{"0":[1,4],"1":[1,3],"2":[1,6],"3":[1,5]},"_coverageSchema":"1a1c01bbd47fc00a2c39e90264f33305004495a9","hash":"6b184cf137138b83f30f793416564ee003dc6c42"}
,"C:\\Users\\Vince\\hacktiv8\\FinalProject\\parkirsini\\server\\controllers\\admin.js": {"path":"C:\\Users\\Vince\\hacktiv8\\FinalProject\\parkirsini\\server\\controllers\\admin.js","statementMap":{"0":{"start":{"line":7,"column":4},"end":{"line":7,"column":24}},"1":{"start":{"line":11,"column":4},"end":{"line":22,"column":5}},"2":{"start":{"line":12,"column":19},"end":{"line":18,"column":8}},"3":{"start":{"line":19,"column":6},"end":{"line":19,"column":21}},"4":{"start":{"line":21,"column":6},"end":{"line":21,"column":18}},"5":{"start":{"line":26,"column":4},"end":{"line":41,"column":5}},"6":{"start":{"line":27,"column":17},"end":{"line":27,"column":30}},"7":{"start":{"line":28,"column":19},"end":{"line":36,"column":8}},"8":{"start":{"line":37,"column":6},"end":{"line":37,"column":45}},"9":{"start":{"line":37,"column":17},"end":{"line":37,"column":45}},"10":{"start":{"line":38,"column":6},"end":{"line":38,"column":21}},"11":{"start":{"line":40,"column":6},"end":{"line":40,"column":18}},"12":{"start":{"line":45,"column":4},"end":{"line":69,"column":5}},"13":{"start":{"line":47,"column":8},"end":{"line":47,"column":16}},"14":{"start":{"line":48,"column":25},"end":{"line":48,"column":36}},"15":{"start":{"line":49,"column":22},"end":{"line":49,"column":43}},"16":{"start":{"line":50,"column":21},"end":{"line":50,"column":41}},"17":{"start":{"line":52,"column":23},"end":{"line":63,"column":8}},"18":{"start":{"line":64,"column":6},"end":{"line":66,"column":75}},"19":{"start":{"line":68,"column":6},"end":{"line":68,"column":18}},"20":{"start":{"line":73,"column":24},"end":{"line":73,"column":53}},"21":{"start":{"line":74,"column":4},"end":{"line":138,"column":5}},"22":{"start":{"line":85,"column":10},"end":{"line":85,"column":18}},"23":{"start":{"line":86,"column":25},"end":{"line":86,"column":36}},"24":{"start":{"line":87,"column":22},"end":{"line":87,"column":43}},"25":{"start":{"line":88,"column":21},"end":{"line":88,"column":41}},"26":{"start":{"line":90,"column":23},"end":{"line":104,"column":7}},"27":{"start":{"line":106,"column":31},"end":{"line":114,"column":8}},"28":{"start":{"line":107,"column":8},"end":{"line":113,"column":10}},"29":{"start":{"line":116,"column":6},"end":{"line":116,"column":42}},"30":{"start":{"line":118,"column":28},"end":{"line":126,"column":8}},"31":{"start":{"line":119,"column":8},"end":{"line":125,"column":10}},"32":{"start":{"line":128,"column":6},"end":{"line":128,"column":39}},"33":{"start":{"line":129,"column":6},"end":{"line":129,"column":33}},"34":{"start":{"line":131,"column":6},"end":{"line":133,"column":75}},"35":{"start":{"line":135,"column":6},"end":{"line":135,"column":35}},"36":{"start":{"line":136,"column":6},"end":{"line":136,"column":25}},"37":{"start":{"line":137,"column":6},"end":{"line":137,"column":18}},"38":{"start":{"line":142,"column":4},"end":{"line":172,"column":5}},"39":{"start":{"line":143,"column":17},"end":{"line":143,"column":30}},"40":{"start":{"line":145,"column":8},"end":{"line":145,"column":16}},"41":{"start":{"line":146,"column":22},"end":{"line":146,"column":43}},"42":{"start":{"line":147,"column":21},"end":{"line":147,"column":41}},"43":{"start":{"line":149,"column":24},"end":{"line":149,"column":69}},"44":{"start":{"line":150,"column":6},"end":{"line":150,"column":50}},"45":{"start":{"line":150,"column":22},"end":{"line":150,"column":50}},"46":{"start":{"line":152,"column":6},"end":{"line":167,"column":8}},"47":{"start":{"line":168,"column":6},"end":{"line":168,"column":72}},"48":{"start":{"line":170,"column":6},"end":{"line":170,"column":25}},"49":{"start":{"line":171,"column":6},"end":{"line":171,"column":18}},"50":{"start":{"line":176,"column":4},"end":{"line":186,"column":5}},"51":{"start":{"line":177,"column":17},"end":{"line":177,"column":30}},"52":{"start":{"line":179,"column":24},"end":{"line":179,"column":69}},"53":{"start":{"line":180,"column":6},"end":{"line":180,"column":50}},"54":{"start":{"line":180,"column":22},"end":{"line":180,"column":50}},"55":{"start":{"line":182,"column":6},"end":{"line":182,"column":52}},"56":{"start":{"line":183,"column":6},"end":{"line":183,"column":65}},"57":{"start":{"line":185,"column":6},"end":{"line":185,"column":18}},"58":{"start":{"line":191,"column":4},"end":{"line":196,"column":5}},"59":{"start":{"line":192,"column":19},"end":{"line":192,"column":78}},"60":{"start":{"line":193,"column":6},"end":{"line":193,"column":33}},"61":{"start":{"line":195,"column":6},"end":{"line":195,"column":18}},"62":{"start":{"line":200,"column":4},"end":{"line":211,"column":5}},"63":{"start":{"line":201,"column":17},"end":{"line":201,"column":30}},"64":{"start":{"line":202,"column":19},"end":{"line":206,"column":8}},"65":{"start":{"line":207,"column":6},"end":{"line":207,"column":45}},"66":{"start":{"line":207,"column":17},"end":{"line":207,"column":45}},"67":{"start":{"line":208,"column":6},"end":{"line":208,"column":21}},"68":{"start":{"line":210,"column":6},"end":{"line":210,"column":18}},"69":{"start":{"line":215,"column":4},"end":{"line":229,"column":5}},"70":{"start":{"line":216,"column":29},"end":{"line":216,"column":42}},"71":{"start":{"line":217,"column":25},"end":{"line":217,"column":33}},"72":{"start":{"line":219,"column":23},"end":{"line":222,"column":8}},"73":{"start":{"line":223,"column":6},"end":{"line":226,"column":9}},"74":{"start":{"line":228,"column":6},"end":{"line":228,"column":18}},"75":{"start":{"line":233,"column":4},"end":{"line":243,"column":5}},"76":{"start":{"line":234,"column":17},"end":{"line":234,"column":30}},"77":{"start":{"line":236,"column":24},"end":{"line":236,"column":74}},"78":{"start":{"line":237,"column":6},"end":{"line":237,"column":50}},"79":{"start":{"line":237,"column":22},"end":{"line":237,"column":50}},"80":{"start":{"line":239,"column":23},"end":{"line":239,"column":73}},"81":{"start":{"line":240,"column":6},"end":{"line":240,"column":71}},"82":{"start":{"line":242,"column":6},"end":{"line":242,"column":18}},"83":{"start":{"line":247,"column":0},"end":{"line":247,"column":23}}},"fnMap":{"0":{"name":"(anonymous_0)","decl":{"start":{"line":10,"column":2},"end":{"line":10,"column":3}},"loc":{"start":{"line":10,"column":49},"end":{"line":23,"column":3}},"line":10},"1":{"name":"(anonymous_1)","decl":{"start":{"line":25,"column":2},"end":{"line":25,"column":3}},"loc":{"start":{"line":25,"column":55},"end":{"line":42,"column":3}},"line":25},"2":{"name":"(anonymous_2)","decl":{"start":{"line":44,"column":2},"end":{"line":44,"column":3}},"loc":{"start":{"line":44,"column":50},"end":{"line":70,"column":3}},"line":44},"3":{"name":"(anonymous_3)","decl":{"start":{"line":72,"column":2},"end":{"line":72,"column":3}},"loc":{"start":{"line":72,"column":61},"end":{"line":139,"column":3}},"line":72},"4":{"name":"(anonymous_4)","decl":{"start":{"line":106,"column":46},"end":{"line":106,"column":47}},"loc":{"start":{"line":106,"column":68},"end":{"line":114,"column":7}},"line":106},"5":{"name":"(anonymous_5)","decl":{"start":{"line":118,"column":39},"end":{"line":118,"column":40}},"loc":{"start":{"line":118,"column":57},"end":{"line":126,"column":7}},"line":118},"6":{"name":"(anonymous_6)","decl":{"start":{"line":141,"column":2},"end":{"line":141,"column":3}},"loc":{"start":{"line":141,"column":48},"end":{"line":173,"column":3}},"line":141},"7":{"name":"(anonymous_7)","decl":{"start":{"line":175,"column":2},"end":{"line":175,"column":3}},"loc":{"start":{"line":175,"column":50},"end":{"line":187,"column":3}},"line":175},"8":{"name":"(anonymous_8)","decl":{"start":{"line":190,"column":2},"end":{"line":190,"column":3}},"loc":{"start":{"line":190,"column":55},"end":{"line":197,"column":3}},"line":190},"9":{"name":"(anonymous_9)","decl":{"start":{"line":199,"column":2},"end":{"line":199,"column":3}},"loc":{"start":{"line":199,"column":57},"end":{"line":212,"column":3}},"line":199},"10":{"name":"(anonymous_10)","decl":{"start":{"line":214,"column":2},"end":{"line":214,"column":3}},"loc":{"start":{"line":214,"column":55},"end":{"line":230,"column":3}},"line":214},"11":{"name":"(anonymous_11)","decl":{"start":{"line":232,"column":2},"end":{"line":232,"column":3}},"loc":{"start":{"line":232,"column":55},"end":{"line":244,"column":3}},"line":232}},"branchMap":{"0":{"loc":{"start":{"line":37,"column":6},"end":{"line":37,"column":45}},"type":"if","locations":[{"start":{"line":37,"column":6},"end":{"line":37,"column":45}},{"start":{},"end":{}}],"line":37},"1":{"loc":{"start":{"line":49,"column":22},"end":{"line":49,"column":43}},"type":"binary-expr","locations":[{"start":{"line":49,"column":22},"end":{"line":49,"column":38}},{"start":{"line":49,"column":42},"end":{"line":49,"column":43}}],"line":49},"2":{"loc":{"start":{"line":50,"column":21},"end":{"line":50,"column":41}},"type":"binary-expr","locations":[{"start":{"line":50,"column":21},"end":{"line":50,"column":36}},{"start":{"line":50,"column":40},"end":{"line":50,"column":41}}],"line":50},"3":{"loc":{"start":{"line":87,"column":22},"end":{"line":87,"column":43}},"type":"binary-expr","locations":[{"start":{"line":87,"column":22},"end":{"line":87,"column":38}},{"start":{"line":87,"column":42},"end":{"line":87,"column":43}}],"line":87},"4":{"loc":{"start":{"line":88,"column":21},"end":{"line":88,"column":41}},"type":"binary-expr","locations":[{"start":{"line":88,"column":21},"end":{"line":88,"column":36}},{"start":{"line":88,"column":40},"end":{"line":88,"column":41}}],"line":88},"5":{"loc":{"start":{"line":146,"column":22},"end":{"line":146,"column":43}},"type":"binary-expr","locations":[{"start":{"line":146,"column":22},"end":{"line":146,"column":38}},{"start":{"line":146,"column":42},"end":{"line":146,"column":43}}],"line":146},"6":{"loc":{"start":{"line":147,"column":21},"end":{"line":147,"column":41}},"type":"binary-expr","locations":[{"start":{"line":147,"column":21},"end":{"line":147,"column":36}},{"start":{"line":147,"column":40},"end":{"line":147,"column":41}}],"line":147},"7":{"loc":{"start":{"line":150,"column":6},"end":{"line":150,"column":50}},"type":"if","locations":[{"start":{"line":150,"column":6},"end":{"line":150,"column":50}},{"start":{},"end":{}}],"line":150},"8":{"loc":{"start":{"line":180,"column":6},"end":{"line":180,"column":50}},"type":"if","locations":[{"start":{"line":180,"column":6},"end":{"line":180,"column":50}},{"start":{},"end":{}}],"line":180},"9":{"loc":{"start":{"line":207,"column":6},"end":{"line":207,"column":45}},"type":"if","locations":[{"start":{"line":207,"column":6},"end":{"line":207,"column":45}},{"start":{},"end":{}}],"line":207},"10":{"loc":{"start":{"line":237,"column":6},"end":{"line":237,"column":50}},"type":"if","locations":[{"start":{"line":237,"column":6},"end":{"line":237,"column":50}},{"start":{},"end":{}}],"line":237}},"s":{"0":7,"1":0,"2":0,"3":0,"4":0,"5":0,"6":0,"7":0,"8":0,"9":0,"10":0,"11":0,"12":0,"13":0,"14":0,"15":0,"16":0,"17":0,"18":0,"19":0,"20":0,"21":0,"22":0,"23":0,"24":0,"25":0,"26":0,"27":0,"28":0,"29":0,"30":0,"31":0,"32":0,"33":0,"34":0,"35":0,"36":0,"37":0,"38":0,"39":0,"40":0,"41":0,"42":0,"43":0,"44":0,"45":0,"46":0,"47":0,"48":0,"49":0,"50":0,"51":0,"52":0,"53":0,"54":0,"55":0,"56":0,"57":0,"58":2,"59":2,"60":1,"61":1,"62":2,"63":2,"64":2,"65":2,"66":1,"67":1,"68":1,"69":0,"70":0,"71":0,"72":0,"73":0,"74":0,"75":3,"76":3,"77":3,"78":3,"79":1,"80":2,"81":1,"82":2,"83":7},"f":{"0":0,"1":0,"2":0,"3":0,"4":0,"5":0,"6":0,"7":0,"8":2,"9":2,"10":0,"11":3},"b":{"0":[0,0],"1":[0,0],"2":[0,0],"3":[0,0],"4":[0,0],"5":[0,0],"6":[0,0],"7":[0,0],"8":[0,0],"9":[1,1],"10":[1,2]},"_coverageSchema":"1a1c01bbd47fc00a2c39e90264f33305004495a9","hash":"1fea1da002d575f6ad2f7d21f61e9f08f7d5c245"}
,"C:\\Users\\Vince\\hacktiv8\\FinalProject\\parkirsini\\server\\controllers\\createBooking.js": {"path":"C:\\Users\\Vince\\hacktiv8\\FinalProject\\parkirsini\\server\\controllers\\createBooking.js","statementMap":{"0":{"start":{"line":1,"column":40},"end":{"line":1,"column":60}},"1":{"start":{"line":2,"column":23},"end":{"line":2,"column":49}},"2":{"start":{"line":3,"column":22},"end":{"line":3,"column":42}},"3":{"start":{"line":4,"column":20},"end":{"line":4,"column":45}},"4":{"start":{"line":5,"column":22},"end":{"line":5,"column":52}},"5":{"start":{"line":6,"column":15},"end":{"line":6,"column":55}},"6":{"start":{"line":7,"column":25},"end":{"line":7,"column":63}},"7":{"start":{"line":11,"column":6},"end":{"line":37,"column":7}},"8":{"start":{"line":12,"column":9},"end":{"line":12,"column":30}},"9":{"start":{"line":13,"column":28},"end":{"line":13,"column":36}},"10":{"start":{"line":14,"column":24},"end":{"line":14,"column":32}},"11":{"start":{"line":15,"column":24},"end":{"line":15,"column":51}},"12":{"start":{"line":16,"column":20},"end":{"line":19,"column":11}},"13":{"start":{"line":20,"column":25},"end":{"line":31,"column":10}},"14":{"start":{"line":32,"column":31},"end":{"line":32,"column":70}},"15":{"start":{"line":33,"column":9},"end":{"line":33,"column":55}},"16":{"start":{"line":34,"column":9},"end":{"line":34,"column":44}},"17":{"start":{"line":36,"column":9},"end":{"line":36,"column":20}},"18":{"start":{"line":41,"column":16},"end":{"line":41,"column":45}},"19":{"start":{"line":42,"column":6},"end":{"line":81,"column":7}},"20":{"start":{"line":43,"column":24},"end":{"line":43,"column":32}},"21":{"start":{"line":44,"column":58},"end":{"line":44,"column":66}},"22":{"start":{"line":45,"column":24},"end":{"line":45,"column":51}},"23":{"start":{"line":46,"column":25},"end":{"line":52,"column":31}},"24":{"start":{"line":53,"column":9},"end":{"line":56,"column":31}},"25":{"start":{"line":57,"column":9},"end":{"line":57,"column":51}},"26":{"start":{"line":58,"column":29},"end":{"line":58,"column":69}},"27":{"start":{"line":59,"column":24},"end":{"line":62,"column":10}},"28":{"start":{"line":63,"column":27},"end":{"line":67,"column":10}},"29":{"start":{"line":68,"column":20},"end":{"line":68,"column":57}},"30":{"start":{"line":69,"column":27},"end":{"line":74,"column":11}},"31":{"start":{"line":75,"column":9},"end":{"line":75,"column":25}},"32":{"start":{"line":76,"column":9},"end":{"line":76,"column":78}},"33":{"start":{"line":78,"column":9},"end":{"line":78,"column":27}},"34":{"start":{"line":79,"column":9},"end":{"line":79,"column":27}},"35":{"start":{"line":80,"column":9},"end":{"line":80,"column":20}},"36":{"start":{"line":85,"column":0},"end":{"line":85,"column":30}}},"fnMap":{"0":{"name":"(anonymous_0)","decl":{"start":{"line":10,"column":3},"end":{"line":10,"column":4}},"loc":{"start":{"line":10,"column":54},"end":{"line":38,"column":4}},"line":10},"1":{"name":"(anonymous_1)","decl":{"start":{"line":40,"column":3},"end":{"line":40,"column":4}},"loc":{"start":{"line":40,"column":52},"end":{"line":82,"column":4}},"line":40}},"branchMap":{},"s":{"0":7,"1":7,"2":7,"3":7,"4":7,"5":7,"6":7,"7":0,"8":0,"9":0,"10":0,"11":0,"12":0,"13":0,"14":0,"15":0,"16":0,"17":0,"18":0,"19":0,"20":0,"21":0,"22":0,"23":0,"24":0,"25":0,"26":0,"27":0,"28":0,"29":0,"30":0,"31":0,"32":0,"33":0,"34":0,"35":0,"36":7},"f":{"0":0,"1":0},"b":{},"_coverageSchema":"1a1c01bbd47fc00a2c39e90264f33305004495a9","hash":"3e1d3d3ac407296136b0996e1be85047785f163e"}
,"C:\\Users\\Vince\\hacktiv8\\FinalProject\\parkirsini\\server\\controllers\\customer.js": {"path":"C:\\Users\\Vince\\hacktiv8\\FinalProject\\parkirsini\\server\\controllers\\customer.js","statementMap":{"0":{"start":{"line":1,"column":24},"end":{"line":1,"column":52}},"1":{"start":{"line":2,"column":37},"end":{"line":2,"column":62}},"2":{"start":{"line":3,"column":120},"end":{"line":3,"column":140}},"3":{"start":{"line":7,"column":8},"end":{"line":19,"column":9}},"4":{"start":{"line":8,"column":70},"end":{"line":8,"column":78}},"5":{"start":{"line":9,"column":27},"end":{"line":15,"column":14}},"6":{"start":{"line":16,"column":12},"end":{"line":16,"column":61}},"7":{"start":{"line":18,"column":12},"end":{"line":18,"column":24}},"8":{"start":{"line":23,"column":8},"end":{"line":40,"column":9}},"9":{"start":{"line":24,"column":40},"end":{"line":24,"column":48}},"10":{"start":{"line":25,"column":12},"end":{"line":25,"column":63}},"11":{"start":{"line":25,"column":24},"end":{"line":25,"column":63}},"12":{"start":{"line":26,"column":12},"end":{"line":26,"column":69}},"13":{"start":{"line":26,"column":27},"end":{"line":26,"column":69}},"14":{"start":{"line":28,"column":29},"end":{"line":28,"column":73}},"15":{"start":{"line":30,"column":12},"end":{"line":30,"column":71}},"16":{"start":{"line":30,"column":27},"end":{"line":30,"column":71}},"17":{"start":{"line":31,"column":26},"end":{"line":31,"column":66}},"18":{"start":{"line":32,"column":12},"end":{"line":32,"column":77}},"19":{"start":{"line":32,"column":33},"end":{"line":32,"column":77}},"20":{"start":{"line":34,"column":33},"end":{"line":34,"column":65}},"21":{"start":{"line":36,"column":12},"end":{"line":36,"column":51}},"22":{"start":{"line":38,"column":12},"end":{"line":38,"column":30}},"23":{"start":{"line":39,"column":12},"end":{"line":39,"column":24}},"24":{"start":{"line":82,"column":8},"end":{"line":87,"column":9}},"25":{"start":{"line":83,"column":34},"end":{"line":83,"column":62}},"26":{"start":{"line":84,"column":12},"end":{"line":84,"column":48}},"27":{"start":{"line":86,"column":12},"end":{"line":86,"column":24}},"28":{"start":{"line":91,"column":8},"end":{"line":125,"column":9}},"29":{"start":{"line":92,"column":35},"end":{"line":92,"column":48}},"30":{"start":{"line":93,"column":33},"end":{"line":113,"column":14}},"31":{"start":{"line":115,"column":12},"end":{"line":119,"column":13}},"32":{"start":{"line":116,"column":30},"end":{"line":116,"column":65}},"33":{"start":{"line":117,"column":16},"end":{"line":117,"column":41}},"34":{"start":{"line":118,"column":16},"end":{"line":118,"column":28}},"35":{"start":{"line":121,"column":12},"end":{"line":121,"column":47}},"36":{"start":{"line":123,"column":12},"end":{"line":123,"column":31}},"37":{"start":{"line":124,"column":12},"end":{"line":124,"column":24}},"38":{"start":{"line":129,"column":0},"end":{"line":129,"column":35}}},"fnMap":{"0":{"name":"(anonymous_0)","decl":{"start":{"line":6,"column":4},"end":{"line":6,"column":5}},"loc":{"start":{"line":6,"column":42},"end":{"line":20,"column":5}},"line":6},"1":{"name":"(anonymous_1)","decl":{"start":{"line":22,"column":4},"end":{"line":22,"column":5}},"loc":{"start":{"line":22,"column":39},"end":{"line":41,"column":5}},"line":22},"2":{"name":"(anonymous_2)","decl":{"start":{"line":81,"column":4},"end":{"line":81,"column":5}},"loc":{"start":{"line":81,"column":55},"end":{"line":88,"column":5}},"line":81},"3":{"name":"(anonymous_3)","decl":{"start":{"line":90,"column":4},"end":{"line":90,"column":5}},"loc":{"start":{"line":90,"column":64},"end":{"line":126,"column":5}},"line":90}},"branchMap":{"0":{"loc":{"start":{"line":25,"column":12},"end":{"line":25,"column":63}},"type":"if","locations":[{"start":{"line":25,"column":12},"end":{"line":25,"column":63}},{"start":{},"end":{}}],"line":25},"1":{"loc":{"start":{"line":26,"column":12},"end":{"line":26,"column":69}},"type":"if","locations":[{"start":{"line":26,"column":12},"end":{"line":26,"column":69}},{"start":{},"end":{}}],"line":26},"2":{"loc":{"start":{"line":30,"column":12},"end":{"line":30,"column":71}},"type":"if","locations":[{"start":{"line":30,"column":12},"end":{"line":30,"column":71}},{"start":{},"end":{}}],"line":30},"3":{"loc":{"start":{"line":32,"column":12},"end":{"line":32,"column":77}},"type":"if","locations":[{"start":{"line":32,"column":12},"end":{"line":32,"column":77}},{"start":{},"end":{}}],"line":32},"4":{"loc":{"start":{"line":115,"column":12},"end":{"line":119,"column":13}},"type":"if","locations":[{"start":{"line":115,"column":12},"end":{"line":119,"column":13}},{"start":{},"end":{}}],"line":115}},"s":{"0":7,"1":7,"2":7,"3":3,"4":3,"5":3,"6":1,"7":2,"8":4,"9":4,"10":4,"11":1,"12":3,"13":0,"14":3,"15":3,"16":0,"17":3,"18":3,"19":1,"20":2,"21":2,"22":2,"23":2,"24":2,"25":2,"26":1,"27":1,"28":2,"29":2,"30":2,"31":2,"32":1,"33":1,"34":1,"35":1,"36":1,"37":1,"38":7},"f":{"0":3,"1":4,"2":2,"3":2},"b":{"0":[1,3],"1":[0,3],"2":[0,3],"3":[1,2],"4":[1,1]},"_coverageSchema":"1a1c01bbd47fc00a2c39e90264f33305004495a9","hash":"c00c6a0b09d618d51d6bc346554f9f1a13d3d03b"}
,"C:\\Users\\Vince\\hacktiv8\\FinalProject\\parkirsini\\server\\controllers\\facility.js": {"path":"C:\\Users\\Vince\\hacktiv8\\FinalProject\\parkirsini\\server\\controllers\\facility.js","statementMap":{"0":{"start":{"line":1,"column":21},"end":{"line":1,"column":41}},"1":{"start":{"line":5,"column":4},"end":{"line":11,"column":5}},"2":{"start":{"line":6,"column":23},"end":{"line":6,"column":31}},"3":{"start":{"line":7,"column":23},"end":{"line":7,"column":54}},"4":{"start":{"line":8,"column":6},"end":{"line":8,"column":37}},"5":{"start":{"line":10,"column":6},"end":{"line":10,"column":18}},"6":{"start":{"line":15,"column":4},"end":{"line":20,"column":5}},"7":{"start":{"line":16,"column":25},"end":{"line":16,"column":49}},"8":{"start":{"line":17,"column":6},"end":{"line":17,"column":39}},"9":{"start":{"line":19,"column":6},"end":{"line":19,"column":18}},"10":{"start":{"line":24,"column":4},"end":{"line":39,"column":5}},"11":{"start":{"line":25,"column":25},"end":{"line":25,"column":38}},"12":{"start":{"line":26,"column":23},"end":{"line":26,"column":31}},"13":{"start":{"line":27,"column":23},"end":{"line":27,"column":58}},"14":{"start":{"line":28,"column":6},"end":{"line":28,"column":28}},"15":{"start":{"line":29,"column":6},"end":{"line":33,"column":7}},"16":{"start":{"line":30,"column":22},"end":{"line":30,"column":53}},"17":{"start":{"line":31,"column":8},"end":{"line":31,"column":33}},"18":{"start":{"line":32,"column":8},"end":{"line":32,"column":20}},"19":{"start":{"line":34,"column":6},"end":{"line":34,"column":27}},"20":{"start":{"line":35,"column":6},"end":{"line":35,"column":28}},"21":{"start":{"line":36,"column":6},"end":{"line":36,"column":37}},"22":{"start":{"line":38,"column":6},"end":{"line":38,"column":18}},"23":{"start":{"line":43,"column":4},"end":{"line":59,"column":5}},"24":{"start":{"line":44,"column":25},"end":{"line":44,"column":38}},"25":{"start":{"line":45,"column":23},"end":{"line":45,"column":58}},"26":{"start":{"line":46,"column":6},"end":{"line":50,"column":7}},"27":{"start":{"line":47,"column":22},"end":{"line":47,"column":53}},"28":{"start":{"line":48,"column":8},"end":{"line":48,"column":33}},"29":{"start":{"line":49,"column":8},"end":{"line":49,"column":20}},"30":{"start":{"line":51,"column":30},"end":{"line":51,"column":54}},"31":{"start":{"line":52,"column":6},"end":{"line":52,"column":31}},"32":{"start":{"line":53,"column":6},"end":{"line":56,"column":9}},"33":{"start":{"line":58,"column":6},"end":{"line":58,"column":18}},"34":{"start":{"line":63,"column":0},"end":{"line":63,"column":36}}},"fnMap":{"0":{"name":"(anonymous_0)","decl":{"start":{"line":4,"column":2},"end":{"line":4,"column":3}},"loc":{"start":{"line":4,"column":46},"end":{"line":12,"column":3}},"line":4},"1":{"name":"(anonymous_1)","decl":{"start":{"line":14,"column":2},"end":{"line":14,"column":3}},"loc":{"start":{"line":14,"column":45},"end":{"line":21,"column":3}},"line":14},"2":{"name":"(anonymous_2)","decl":{"start":{"line":23,"column":2},"end":{"line":23,"column":3}},"loc":{"start":{"line":23,"column":46},"end":{"line":40,"column":3}},"line":23},"3":{"name":"(anonymous_3)","decl":{"start":{"line":42,"column":2},"end":{"line":42,"column":3}},"loc":{"start":{"line":42,"column":46},"end":{"line":60,"column":3}},"line":42}},"branchMap":{"0":{"loc":{"start":{"line":29,"column":6},"end":{"line":33,"column":7}},"type":"if","locations":[{"start":{"line":29,"column":6},"end":{"line":33,"column":7}},{"start":{},"end":{}}],"line":29},"1":{"loc":{"start":{"line":46,"column":6},"end":{"line":50,"column":7}},"type":"if","locations":[{"start":{"line":46,"column":6},"end":{"line":50,"column":7}},{"start":{},"end":{}}],"line":46}},"s":{"0":7,"1":2,"2":2,"3":2,"4":1,"5":1,"6":1,"7":1,"8":1,"9":0,"10":2,"11":2,"12":2,"13":2,"14":2,"15":2,"16":1,"17":1,"18":1,"19":1,"20":1,"21":1,"22":1,"23":2,"24":2,"25":2,"26":2,"27":1,"28":1,"29":1,"30":1,"31":1,"32":1,"33":1,"34":7},"f":{"0":2,"1":1,"2":2,"3":2},"b":{"0":[1,1],"1":[1,1]},"_coverageSchema":"1a1c01bbd47fc00a2c39e90264f33305004495a9","hash":"7e9db14ff00b4f4be562cc4c094bbabba4b3fd3b"}
,"C:\\Users\\Vince\\hacktiv8\\FinalProject\\parkirsini\\server\\controllers\\index.js": {"path":"C:\\Users\\Vince\\hacktiv8\\FinalProject\\parkirsini\\server\\controllers\\index.js","statementMap":{"0":{"start":{"line":4,"column":8},"end":{"line":4,"column":26}},"1":{"start":{"line":8,"column":0},"end":{"line":8,"column":28}}},"fnMap":{"0":{"name":"(anonymous_0)","decl":{"start":{"line":3,"column":4},"end":{"line":3,"column":5}},"loc":{"start":{"line":3,"column":26},"end":{"line":5,"column":7}},"line":3}},"branchMap":{},"s":{"0":0,"1":7},"f":{"0":0},"b":{},"_coverageSchema":"1a1c01bbd47fc00a2c39e90264f33305004495a9","hash":"c3b85be2d5d535d7a6705eaf68884701fcd5a7e8"}
,"C:\\Users\\Vince\\hacktiv8\\FinalProject\\parkirsini\\server\\controllers\\landlord.js": {"path":"C:\\Users\\Vince\\hacktiv8\\FinalProject\\parkirsini\\server\\controllers\\landlord.js","statementMap":{"0":{"start":{"line":1,"column":24},"end":{"line":1,"column":52}},"1":{"start":{"line":2,"column":37},"end":{"line":2,"column":62}},"2":{"start":{"line":3,"column":81},"end":{"line":3,"column":101}},"3":{"start":{"line":7,"column":8},"end":{"line":20,"column":9}},"4":{"start":{"line":8,"column":70},"end":{"line":8,"column":78}},"5":{"start":{"line":9,"column":27},"end":{"line":16,"column":14}},"6":{"start":{"line":17,"column":12},"end":{"line":17,"column":61}},"7":{"start":{"line":19,"column":12},"end":{"line":19,"column":24}},"8":{"start":{"line":24,"column":8},"end":{"line":40,"column":9}},"9":{"start":{"line":25,"column":40},"end":{"line":25,"column":48}},"10":{"start":{"line":26,"column":12},"end":{"line":26,"column":63}},"11":{"start":{"line":26,"column":24},"end":{"line":26,"column":63}},"12":{"start":{"line":27,"column":12},"end":{"line":27,"column":69}},"13":{"start":{"line":27,"column":27},"end":{"line":27,"column":69}},"14":{"start":{"line":29,"column":29},"end":{"line":29,"column":73}},"15":{"start":{"line":31,"column":12},"end":{"line":31,"column":71}},"16":{"start":{"line":31,"column":27},"end":{"line":31,"column":71}},"17":{"start":{"line":32,"column":26},"end":{"line":32,"column":66}},"18":{"start":{"line":33,"column":12},"end":{"line":33,"column":77}},"19":{"start":{"line":33,"column":33},"end":{"line":33,"column":77}},"20":{"start":{"line":35,"column":33},"end":{"line":35,"column":65}},"21":{"start":{"line":37,"column":12},"end":{"line":37,"column":51}},"22":{"start":{"line":39,"column":12},"end":{"line":39,"column":24}},"23":{"start":{"line":44,"column":8},"end":{"line":69,"column":9}},"24":{"start":{"line":45,"column":31},"end":{"line":45,"column":42}},"25":{"start":{"line":46,"column":12},"end":{"line":46,"column":36}},"26":{"start":{"line":47,"column":33},"end":{"line":64,"column":14}},"27":{"start":{"line":66,"column":12},"end":{"line":66,"column":47}},"28":{"start":{"line":68,"column":12},"end":{"line":68,"column":24}},"29":{"start":{"line":74,"column":0},"end":{"line":74,"column":35}}},"fnMap":{"0":{"name":"(anonymous_0)","decl":{"start":{"line":6,"column":4},"end":{"line":6,"column":5}},"loc":{"start":{"line":6,"column":42},"end":{"line":21,"column":5}},"line":6},"1":{"name":"(anonymous_1)","decl":{"start":{"line":23,"column":4},"end":{"line":23,"column":5}},"loc":{"start":{"line":23,"column":39},"end":{"line":41,"column":5}},"line":23},"2":{"name":"(anonymous_2)","decl":{"start":{"line":43,"column":4},"end":{"line":43,"column":5}},"loc":{"start":{"line":43,"column":62},"end":{"line":70,"column":5}},"line":43}},"branchMap":{"0":{"loc":{"start":{"line":26,"column":12},"end":{"line":26,"column":63}},"type":"if","locations":[{"start":{"line":26,"column":12},"end":{"line":26,"column":63}},{"start":{},"end":{}}],"line":26},"1":{"loc":{"start":{"line":27,"column":12},"end":{"line":27,"column":69}},"type":"if","locations":[{"start":{"line":27,"column":12},"end":{"line":27,"column":69}},{"start":{},"end":{}}],"line":27},"2":{"loc":{"start":{"line":31,"column":12},"end":{"line":31,"column":71}},"type":"if","locations":[{"start":{"line":31,"column":12},"end":{"line":31,"column":71}},{"start":{},"end":{}}],"line":31},"3":{"loc":{"start":{"line":33,"column":12},"end":{"line":33,"column":77}},"type":"if","locations":[{"start":{"line":33,"column":12},"end":{"line":33,"column":77}},{"start":{},"end":{}}],"line":33}},"s":{"0":7,"1":7,"2":7,"3":3,"4":3,"5":3,"6":1,"7":2,"8":5,"9":5,"10":5,"11":1,"12":4,"13":1,"14":3,"15":3,"16":1,"17":2,"18":2,"19":1,"20":1,"21":1,"22":4,"23":1,"24":1,"25":1,"26":1,"27":1,"28":0,"29":7},"f":{"0":3,"1":5,"2":1},"b":{"0":[1,4],"1":[1,3],"2":[1,2],"3":[1,1]},"_coverageSchema":"1a1c01bbd47fc00a2c39e90264f33305004495a9","hash":"f0e90e032d0f62a6aa60a39ad0ca30cc15dfb7f6"}
,"C:\\Users\\Vince\\hacktiv8\\FinalProject\\parkirsini\\server\\controllers\\parkingSpaceController.js": {"path":"C:\\Users\\Vince\\hacktiv8\\FinalProject\\parkirsini\\server\\controllers\\parkingSpaceController.js","statementMap":{"0":{"start":{"line":1,"column":45},"end":{"line":1,"column":67}},"1":{"start":{"line":5,"column":8},"end":{"line":10,"column":9}},"2":{"start":{"line":6,"column":34},"end":{"line":6,"column":62}},"3":{"start":{"line":7,"column":12},"end":{"line":7,"column":47}},"4":{"start":{"line":9,"column":12},"end":{"line":9,"column":23}},"5":{"start":{"line":14,"column":8},"end":{"line":29,"column":9}},"6":{"start":{"line":15,"column":23},"end":{"line":15,"column":36}},"7":{"start":{"line":16,"column":33},"end":{"line":20,"column":14}},"8":{"start":{"line":21,"column":12},"end":{"line":25,"column":13}},"9":{"start":{"line":22,"column":30},"end":{"line":22,"column":65}},"10":{"start":{"line":23,"column":16},"end":{"line":23,"column":41}},"11":{"start":{"line":24,"column":16},"end":{"line":24,"column":28}},"12":{"start":{"line":26,"column":12},"end":{"line":26,"column":46}},"13":{"start":{"line":28,"column":12},"end":{"line":28,"column":23}},"14":{"start":{"line":33,"column":0},"end":{"line":33,"column":39}}},"fnMap":{"0":{"name":"(anonymous_0)","decl":{"start":{"line":4,"column":4},"end":{"line":4,"column":5}},"loc":{"start":{"line":4,"column":53},"end":{"line":11,"column":5}},"line":4},"1":{"name":"(anonymous_1)","decl":{"start":{"line":13,"column":4},"end":{"line":13,"column":5}},"loc":{"start":{"line":13,"column":53},"end":{"line":30,"column":5}},"line":13}},"branchMap":{"0":{"loc":{"start":{"line":21,"column":12},"end":{"line":25,"column":13}},"type":"if","locations":[{"start":{"line":21,"column":12},"end":{"line":25,"column":13}},{"start":{},"end":{}}],"line":21}},"s":{"0":7,"1":2,"2":2,"3":1,"4":1,"5":2,"6":2,"7":2,"8":2,"9":1,"10":1,"11":1,"12":1,"13":1,"14":7},"f":{"0":2,"1":2},"b":{"0":[1,1]},"_coverageSchema":"1a1c01bbd47fc00a2c39e90264f33305004495a9","hash":"b1974326b54daaabeed85ae1f23b6888d781f605"}
,"C:\\Users\\Vince\\hacktiv8\\FinalProject\\parkirsini\\server\\controllers\\reviewController.js": {"path":"C:\\Users\\Vince\\hacktiv8\\FinalProject\\parkirsini\\server\\controllers\\reviewController.js","statementMap":{"0":{"start":{"line":2,"column":31},"end":{"line":2,"column":53}},"1":{"start":{"line":5,"column":8},"end":{"line":10,"column":9}},"2":{"start":{"line":6,"column":28},"end":{"line":6,"column":62}},"3":{"start":{"line":7,"column":12},"end":{"line":7,"column":41}},"4":{"start":{"line":9,"column":12},"end":{"line":9,"column":23}},"5":{"start":{"line":14,"column":8},"end":{"line":25,"column":9}},"6":{"start":{"line":15,"column":23},"end":{"line":15,"column":36}},"7":{"start":{"line":17,"column":28},"end":{"line":21,"column":14}},"8":{"start":{"line":22,"column":12},"end":{"line":22,"column":41}},"9":{"start":{"line":24,"column":12},"end":{"line":24,"column":23}},"10":{"start":{"line":28,"column":8},"end":{"line":35,"column":9}},"11":{"start":{"line":29,"column":39},"end":{"line":29,"column":49}},"12":{"start":{"line":30,"column":39},"end":{"line":30,"column":47}},"13":{"start":{"line":31,"column":12},"end":{"line":31,"column":120}},"14":{"start":{"line":32,"column":12},"end":{"line":32,"column":69}},"15":{"start":{"line":34,"column":12},"end":{"line":34,"column":23}},"16":{"start":{"line":67,"column":0},"end":{"line":67,"column":33}}},"fnMap":{"0":{"name":"(anonymous_0)","decl":{"start":{"line":4,"column":4},"end":{"line":4,"column":5}},"loc":{"start":{"line":4,"column":46},"end":{"line":11,"column":5}},"line":4},"1":{"name":"(anonymous_1)","decl":{"start":{"line":13,"column":4},"end":{"line":13,"column":5}},"loc":{"start":{"line":13,"column":59},"end":{"line":26,"column":5}},"line":13},"2":{"name":"(anonymous_2)","decl":{"start":{"line":27,"column":4},"end":{"line":27,"column":5}},"loc":{"start":{"line":27,"column":46},"end":{"line":38,"column":5}},"line":27}},"branchMap":{},"s":{"0":7,"1":2,"2":2,"3":1,"4":1,"5":1,"6":1,"7":1,"8":1,"9":0,"10":2,"11":2,"12":2,"13":2,"14":1,"15":1,"16":7},"f":{"0":2,"1":1,"2":2},"b":{},"_coverageSchema":"1a1c01bbd47fc00a2c39e90264f33305004495a9","hash":"004b8eacce3cc2ffad124c213401987154eeafbd"}
,"C:\\Users\\Vince\\hacktiv8\\FinalProject\\parkirsini\\server\\helpers\\bcrypt.js": {"path":"C:\\Users\\Vince\\hacktiv8\\FinalProject\\parkirsini\\server\\helpers\\bcrypt.js","statementMap":{"0":{"start":{"line":1,"column":15},"end":{"line":1,"column":34}},"1":{"start":{"line":3,"column":21},"end":{"line":3,"column":56}},"2":{"start":{"line":3,"column":31},"end":{"line":3,"column":56}},"3":{"start":{"line":4,"column":20},"end":{"line":4,"column":70}},"4":{"start":{"line":4,"column":38},"end":{"line":4,"column":70}},"5":{"start":{"line":6,"column":0},"end":{"line":6,"column":47}}},"fnMap":{"0":{"name":"(anonymous_0)","decl":{"start":{"line":3,"column":21},"end":{"line":3,"column":22}},"loc":{"start":{"line":3,"column":31},"end":{"line":3,"column":56}},"line":3},"1":{"name":"(anonymous_1)","decl":{"start":{"line":4,"column":20},"end":{"line":4,"column":21}},"loc":{"start":{"line":4,"column":38},"end":{"line":4,"column":70}},"line":4}},"branchMap":{},"s":{"0":7,"1":7,"2":18,"3":7,"4":9,"5":7},"f":{"0":18,"1":9},"b":{},"_coverageSchema":"1a1c01bbd47fc00a2c39e90264f33305004495a9","hash":"d526662620dde4095000f89dff51fafce5492700"}
,"C:\\Users\\Vince\\hacktiv8\\FinalProject\\parkirsini\\server\\helpers\\emailHtmlContent.js": {"path":"C:\\Users\\Vince\\hacktiv8\\FinalProject\\parkirsini\\server\\helpers\\emailHtmlContent.js","statementMap":{"0":{"start":{"line":1,"column":21},"end":{"line":167,"column":1}},"1":{"start":{"line":2,"column":3},"end":{"line":166,"column":8}},"2":{"start":{"line":169,"column":29},"end":{"line":256,"column":1}},"3":{"start":{"line":170,"column":3},"end":{"line":255,"column":8}},"4":{"start":{"line":258,"column":0},"end":{"line":258,"column":55}}},"fnMap":{"0":{"name":"(anonymous_0)","decl":{"start":{"line":1,"column":21},"end":{"line":1,"column":22}},"loc":{"start":{"line":1,"column":46},"end":{"line":167,"column":1}},"line":1},"1":{"name":"(anonymous_1)","decl":{"start":{"line":169,"column":29},"end":{"line":169,"column":30}},"loc":{"start":{"line":169,"column":35},"end":{"line":256,"column":1}},"line":169}},"branchMap":{},"s":{"0":7,"1":0,"2":7,"3":0,"4":7},"f":{"0":0,"1":0},"b":{},"_coverageSchema":"1a1c01bbd47fc00a2c39e90264f33305004495a9","hash":"0014515ed84706b5e1785c1bea2ad2da6451d744"}
,"C:\\Users\\Vince\\hacktiv8\\FinalProject\\parkirsini\\server\\helpers\\jwt.js": {"path":"C:\\Users\\Vince\\hacktiv8\\FinalProject\\parkirsini\\server\\helpers\\jwt.js","statementMap":{"0":{"start":{"line":1,"column":12},"end":{"line":1,"column":35}},"1":{"start":{"line":2,"column":15},"end":{"line":2,"column":33}},"2":{"start":{"line":4,"column":20},"end":{"line":4,"column":58}},"3":{"start":{"line":4,"column":33},"end":{"line":4,"column":58}},"4":{"start":{"line":5,"column":20},"end":{"line":5,"column":56}},"5":{"start":{"line":5,"column":31},"end":{"line":5,"column":56}},"6":{"start":{"line":7,"column":0},"end":{"line":7,"column":45}}},"fnMap":{"0":{"name":"(anonymous_0)","decl":{"start":{"line":4,"column":20},"end":{"line":4,"column":21}},"loc":{"start":{"line":4,"column":33},"end":{"line":4,"column":58}},"line":4},"1":{"name":"(anonymous_1)","decl":{"start":{"line":5,"column":20},"end":{"line":5,"column":21}},"loc":{"start":{"line":5,"column":31},"end":{"line":5,"column":56}},"line":5}},"branchMap":{},"s":{"0":7,"1":7,"2":7,"3":6,"4":7,"5":10,"6":7},"f":{"0":6,"1":10},"b":{},"_coverageSchema":"1a1c01bbd47fc00a2c39e90264f33305004495a9","hash":"50c2ae02afa2f0802805329db6297e2e19254fa2"}
,"C:\\Users\\Vince\\hacktiv8\\FinalProject\\parkirsini\\server\\middlewares\\authentication.js": {"path":"C:\\Users\\Vince\\hacktiv8\\FinalProject\\parkirsini\\server\\middlewares\\authentication.js","statementMap":{"0":{"start":{"line":1,"column":31},"end":{"line":1,"column":51}},"1":{"start":{"line":2,"column":24},"end":{"line":2,"column":49}},"2":{"start":{"line":5,"column":2},"end":{"line":21,"column":3}},"3":{"start":{"line":6,"column":27},"end":{"line":6,"column":38}},"4":{"start":{"line":7,"column":4},"end":{"line":7,"column":57}},"5":{"start":{"line":7,"column":23},"end":{"line":7,"column":57}},"6":{"start":{"line":8,"column":20},"end":{"line":8,"column":45}},"7":{"start":{"line":9,"column":18},"end":{"line":9,"column":53}},"8":{"start":{"line":10,"column":4},"end":{"line":10,"column":50}},"9":{"start":{"line":10,"column":16},"end":{"line":10,"column":50}},"10":{"start":{"line":11,"column":4},"end":{"line":16,"column":6}},"11":{"start":{"line":18,"column":4},"end":{"line":18,"column":11}},"12":{"start":{"line":20,"column":4},"end":{"line":20,"column":16}},"13":{"start":{"line":25,"column":2},"end":{"line":42,"column":3}},"14":{"start":{"line":26,"column":27},"end":{"line":26,"column":38}},"15":{"start":{"line":27,"column":4},"end":{"line":27,"column":57}},"16":{"start":{"line":27,"column":23},"end":{"line":27,"column":57}},"17":{"start":{"line":29,"column":18},"end":{"line":29,"column":43}},"18":{"start":{"line":31,"column":19},"end":{"line":31,"column":54}},"19":{"start":{"line":32,"column":4},"end":{"line":32,"column":53}},"20":{"start":{"line":32,"column":19},"end":{"line":32,"column":53}},"21":{"start":{"line":34,"column":4},"end":{"line":36,"column":6}},"22":{"start":{"line":38,"column":4},"end":{"line":38,"column":11}},"23":{"start":{"line":40,"column":4},"end":{"line":40,"column":23}},"24":{"start":{"line":41,"column":4},"end":{"line":41,"column":16}},"25":{"start":{"line":65,"column":0},"end":{"line":69,"column":1}}},"fnMap":{"0":{"name":"authenticationAdmin","decl":{"start":{"line":4,"column":15},"end":{"line":4,"column":34}},"loc":{"start":{"line":4,"column":51},"end":{"line":22,"column":1}},"line":4},"1":{"name":"authenticationCustomer","decl":{"start":{"line":24,"column":15},"end":{"line":24,"column":37}},"loc":{"start":{"line":24,"column":54},"end":{"line":43,"column":1}},"line":24}},"branchMap":{"0":{"loc":{"start":{"line":7,"column":4},"end":{"line":7,"column":57}},"type":"if","locations":[{"start":{"line":7,"column":4},"end":{"line":7,"column":57}},{"start":{},"end":{}}],"line":7},"1":{"loc":{"start":{"line":10,"column":4},"end":{"line":10,"column":50}},"type":"if","locations":[{"start":{"line":10,"column":4},"end":{"line":10,"column":50}},{"start":{},"end":{}}],"line":10},"2":{"loc":{"start":{"line":27,"column":4},"end":{"line":27,"column":57}},"type":"if","locations":[{"start":{"line":27,"column":4},"end":{"line":27,"column":57}},{"start":{},"end":{}}],"line":27},"3":{"loc":{"start":{"line":32,"column":4},"end":{"line":32,"column":53}},"type":"if","locations":[{"start":{"line":32,"column":4},"end":{"line":32,"column":53}},{"start":{},"end":{}}],"line":32}},"s":{"0":7,"1":7,"2":11,"3":11,"4":11,"5":3,"6":8,"7":8,"8":8,"9":0,"10":8,"11":8,"12":3,"13":2,"14":2,"15":2,"16":0,"17":2,"18":2,"19":2,"20":0,"21":2,"22":2,"23":0,"24":0,"25":7},"f":{"0":11,"1":2},"b":{"0":[3,8],"1":[0,8],"2":[0,2],"3":[0,2]},"_coverageSchema":"1a1c01bbd47fc00a2c39e90264f33305004495a9","hash":"665702c54ea4cd312b20c88b458c8345a9744c8e"}
,"C:\\Users\\Vince\\hacktiv8\\FinalProject\\parkirsini\\server\\middlewares\\errorHandler.js": {"path":"C:\\Users\\Vince\\hacktiv8\\FinalProject\\parkirsini\\server\\middlewares\\errorHandler.js","statementMap":{"0":{"start":{"line":2,"column":15},"end":{"line":2,"column":18}},"1":{"start":{"line":3,"column":18},"end":{"line":3,"column":41}},"2":{"start":{"line":5,"column":4},"end":{"line":32,"column":5}},"3":{"start":{"line":9,"column":6},"end":{"line":9,"column":17}},"4":{"start":{"line":10,"column":6},"end":{"line":10,"column":39}},"5":{"start":{"line":11,"column":11},"end":{"line":32,"column":5}},"6":{"start":{"line":15,"column":6},"end":{"line":15,"column":17}},"7":{"start":{"line":16,"column":6},"end":{"line":16,"column":34}},"8":{"start":{"line":17,"column":11},"end":{"line":32,"column":5}},"9":{"start":{"line":18,"column":6},"end":{"line":18,"column":17}},"10":{"start":{"line":19,"column":6},"end":{"line":19,"column":35}},"11":{"start":{"line":20,"column":11},"end":{"line":32,"column":5}},"12":{"start":{"line":21,"column":6},"end":{"line":21,"column":17}},"13":{"start":{"line":22,"column":6},"end":{"line":22,"column":43}},"14":{"start":{"line":23,"column":11},"end":{"line":32,"column":5}},"15":{"start":{"line":24,"column":6},"end":{"line":24,"column":17}},"16":{"start":{"line":25,"column":6},"end":{"line":25,"column":41}},"17":{"start":{"line":26,"column":11},"end":{"line":32,"column":5}},"18":{"start":{"line":30,"column":6},"end":{"line":30,"column":17}},"19":{"start":{"line":31,"column":6},"end":{"line":31,"column":48}},"20":{"start":{"line":34,"column":4},"end":{"line":34,"column":39}},"21":{"start":{"line":36,"column":2},"end":{"line":36,"column":32}}},"fnMap":{"0":{"name":"errorHandler","decl":{"start":{"line":1,"column":9},"end":{"line":1,"column":21}},"loc":{"start":{"line":1,"column":45},"end":{"line":35,"column":3}},"line":1}},"branchMap":{"0":{"loc":{"start":{"line":5,"column":4},"end":{"line":32,"column":5}},"type":"if","locations":[{"start":{"line":5,"column":4},"end":{"line":32,"column":5}},{"start":{"line":11,"column":11},"end":{"line":32,"column":5}}],"line":5},"1":{"loc":{"start":{"line":6,"column":6},"end":{"line":7,"column":53}},"type":"binary-expr","locations":[{"start":{"line":6,"column":6},"end":{"line":6,"column":47}},{"start":{"line":7,"column":6},"end":{"line":7,"column":53}}],"line":6},"2":{"loc":{"start":{"line":11,"column":11},"end":{"line":32,"column":5}},"type":"if","locations":[{"start":{"line":11,"column":11},"end":{"line":32,"column":5}},{"start":{"line":17,"column":11},"end":{"line":32,"column":5}}],"line":11},"3":{"loc":{"start":{"line":12,"column":6},"end":{"line":13,"column":40}},"type":"binary-expr","locations":[{"start":{"line":12,"column":6},"end":{"line":12,"column":38}},{"start":{"line":13,"column":6},"end":{"line":13,"column":40}}],"line":12},"4":{"loc":{"start":{"line":17,"column":11},"end":{"line":32,"column":5}},"type":"if","locations":[{"start":{"line":17,"column":11},"end":{"line":32,"column":5}},{"start":{"line":20,"column":11},"end":{"line":32,"column":5}}],"line":17},"5":{"loc":{"start":{"line":20,"column":11},"end":{"line":32,"column":5}},"type":"if","locations":[{"start":{"line":20,"column":11},"end":{"line":32,"column":5}},{"start":{"line":23,"column":11},"end":{"line":32,"column":5}}],"line":20},"6":{"loc":{"start":{"line":23,"column":11},"end":{"line":32,"column":5}},"type":"if","locations":[{"start":{"line":23,"column":11},"end":{"line":32,"column":5}},{"start":{"line":26,"column":11},"end":{"line":32,"column":5}}],"line":23},"7":{"loc":{"start":{"line":26,"column":11},"end":{"line":32,"column":5}},"type":"if","locations":[{"start":{"line":26,"column":11},"end":{"line":32,"column":5}},{"start":{},"end":{}}],"line":26},"8":{"loc":{"start":{"line":27,"column":6},"end":{"line":28,"column":46}},"type":"binary-expr","locations":[{"start":{"line":27,"column":6},"end":{"line":27,"column":43}},{"start":{"line":28,"column":6},"end":{"line":28,"column":46}}],"line":27}},"s":{"0":33,"1":33,"2":33,"3":8,"4":8,"5":25,"6":3,"7":3,"8":22,"9":6,"10":6,"11":16,"12":0,"13":0,"14":16,"15":5,"16":5,"17":11,"18":5,"19":5,"20":33,"21":7},"f":{"0":33},"b":{"0":[8,25],"1":[33,27],"2":[3,22],"3":[25,22],"4":[6,16],"5":[0,16],"6":[5,11],"7":[5,6],"8":[11,8]},"_coverageSchema":"1a1c01bbd47fc00a2c39e90264f33305004495a9","hash":"86f1993de8cec7d9da5b83703973efe5ad38d650"}
,"C:\\Users\\Vince\\hacktiv8\\FinalProject\\parkirsini\\server\\models\\booking.js": {"path":"C:\\Users\\Vince\\hacktiv8\\FinalProject\\parkirsini\\server\\models\\booking.js","statementMap":{"0":{"start":{"line":4,"column":4},"end":{"line":4,"column":24}},"1":{"start":{"line":5,"column":0},"end":{"line":72,"column":2}},"2":{"start":{"line":14,"column":6},"end":{"line":14,"column":79}},"3":{"start":{"line":17,"column":2},"end":{"line":70,"column":5}},"4":{"start":{"line":71,"column":2},"end":{"line":71,"column":17}}},"fnMap":{"0":{"name":"(anonymous_0)","decl":{"start":{"line":5,"column":17},"end":{"line":5,"column":18}},"loc":{"start":{"line":5,"column":43},"end":{"line":72,"column":1}},"line":5},"1":{"name":"(anonymous_1)","decl":{"start":{"line":12,"column":4},"end":{"line":12,"column":5}},"loc":{"start":{"line":12,"column":29},"end":{"line":15,"column":5}},"line":12}},"branchMap":{},"s":{"0":7,"1":7,"2":7,"3":7,"4":7},"f":{"0":7,"1":7},"b":{},"_coverageSchema":"1a1c01bbd47fc00a2c39e90264f33305004495a9","hash":"20f4dcf7b824160e0224cacc4526745570c84b3f"}
,"C:\\Users\\Vince\\hacktiv8\\FinalProject\\parkirsini\\server\\models\\customer.js": {"path":"C:\\Users\\Vince\\hacktiv8\\FinalProject\\parkirsini\\server\\models\\customer.js","statementMap":{"0":{"start":{"line":4,"column":4},"end":{"line":4,"column":24}},"1":{"start":{"line":5,"column":25},"end":{"line":5,"column":53}},"2":{"start":{"line":6,"column":0},"end":{"line":80,"column":2}},"3":{"start":{"line":15,"column":6},"end":{"line":15,"column":69}},"4":{"start":{"line":16,"column":6},"end":{"line":16,"column":80}},"5":{"start":{"line":20,"column":2},"end":{"line":73,"column":5}},"6":{"start":{"line":76,"column":2},"end":{"line":78,"column":4}},"7":{"start":{"line":77,"column":4},"end":{"line":77,"column":55}},"8":{"start":{"line":79,"column":2},"end":{"line":79,"column":18}}},"fnMap":{"0":{"name":"(anonymous_0)","decl":{"start":{"line":6,"column":17},"end":{"line":6,"column":18}},"loc":{"start":{"line":6,"column":43},"end":{"line":80,"column":1}},"line":6},"1":{"name":"(anonymous_1)","decl":{"start":{"line":13,"column":4},"end":{"line":13,"column":5}},"loc":{"start":{"line":13,"column":29},"end":{"line":18,"column":5}},"line":13},"2":{"name":"(anonymous_2)","decl":{"start":{"line":76,"column":24},"end":{"line":76,"column":25}},"loc":{"start":{"line":76,"column":47},"end":{"line":78,"column":3}},"line":76}},"branchMap":{},"s":{"0":7,"1":7,"2":7,"3":7,"4":7,"5":7,"6":7,"7":2,"8":7},"f":{"0":7,"1":7,"2":2},"b":{},"_coverageSchema":"1a1c01bbd47fc00a2c39e90264f33305004495a9","hash":"ff3174cf261830b62806ebcb5e38f55ddb286b60"}
,"C:\\Users\\Vince\\hacktiv8\\FinalProject\\parkirsini\\server\\models\\facility.js": {"path":"C:\\Users\\Vince\\hacktiv8\\FinalProject\\parkirsini\\server\\models\\facility.js","statementMap":{"0":{"start":{"line":4,"column":4},"end":{"line":4,"column":24}},"1":{"start":{"line":5,"column":0},"end":{"line":35,"column":2}},"2":{"start":{"line":14,"column":6},"end":{"line":14,"column":77}},"3":{"start":{"line":17,"column":2},"end":{"line":33,"column":5}},"4":{"start":{"line":34,"column":2},"end":{"line":34,"column":18}}},"fnMap":{"0":{"name":"(anonymous_0)","decl":{"start":{"line":5,"column":17},"end":{"line":5,"column":18}},"loc":{"start":{"line":5,"column":43},"end":{"line":35,"column":1}},"line":5},"1":{"name":"(anonymous_1)","decl":{"start":{"line":12,"column":4},"end":{"line":12,"column":5}},"loc":{"start":{"line":12,"column":29},"end":{"line":15,"column":5}},"line":12}},"branchMap":{},"s":{"0":7,"1":7,"2":7,"3":7,"4":7},"f":{"0":7,"1":7},"b":{},"_coverageSchema":"1a1c01bbd47fc00a2c39e90264f33305004495a9","hash":"894d49664929e07c3104f609e2828ecf64d0a2de"}
,"C:\\Users\\Vince\\hacktiv8\\FinalProject\\parkirsini\\server\\models\\facilityparking.js": {"path":"C:\\Users\\Vince\\hacktiv8\\FinalProject\\parkirsini\\server\\models\\facilityparking.js","statementMap":{"0":{"start":{"line":4,"column":4},"end":{"line":4,"column":24}},"1":{"start":{"line":5,"column":0},"end":{"line":48,"column":2}},"2":{"start":{"line":14,"column":6},"end":{"line":14,"column":79}},"3":{"start":{"line":15,"column":6},"end":{"line":15,"column":87}},"4":{"start":{"line":18,"column":2},"end":{"line":46,"column":5}},"5":{"start":{"line":47,"column":2},"end":{"line":47,"column":25}}},"fnMap":{"0":{"name":"(anonymous_0)","decl":{"start":{"line":5,"column":17},"end":{"line":5,"column":18}},"loc":{"start":{"line":5,"column":43},"end":{"line":48,"column":1}},"line":5},"1":{"name":"(anonymous_1)","decl":{"start":{"line":12,"column":4},"end":{"line":12,"column":5}},"loc":{"start":{"line":12,"column":29},"end":{"line":16,"column":5}},"line":12}},"branchMap":{},"s":{"0":7,"1":7,"2":7,"3":7,"4":7,"5":7},"f":{"0":7,"1":7},"b":{},"_coverageSchema":"1a1c01bbd47fc00a2c39e90264f33305004495a9","hash":"40c9ced60d857d927b89f473c8e0ddafa0cfa5c5"}
,"C:\\Users\\Vince\\hacktiv8\\FinalProject\\parkirsini\\server\\models\\index.js": {"path":"C:\\Users\\Vince\\hacktiv8\\FinalProject\\parkirsini\\server\\models\\index.js","statementMap":{"0":{"start":{"line":3,"column":11},"end":{"line":3,"column":24}},"1":{"start":{"line":4,"column":13},"end":{"line":4,"column":28}},"2":{"start":{"line":5,"column":18},"end":{"line":5,"column":38}},"3":{"start":{"line":6,"column":16},"end":{"line":6,"column":34}},"4":{"start":{"line":7,"column":17},"end":{"line":7,"column":42}},"5":{"start":{"line":8,"column":12},"end":{"line":8,"column":49}},"6":{"start":{"line":9,"column":15},"end":{"line":9,"column":65}},"7":{"start":{"line":10,"column":11},"end":{"line":10,"column":13}},"8":{"start":{"line":13,"column":0},"end":{"line":17,"column":1}},"9":{"start":{"line":14,"column":2},"end":{"line":14,"column":74}},"10":{"start":{"line":16,"column":2},"end":{"line":16,"column":87}},"11":{"start":{"line":19,"column":0},"end":{"line":32,"column":5}},"12":{"start":{"line":22,"column":4},"end":{"line":27,"column":6}},"13":{"start":{"line":30,"column":18},"end":{"line":30,"column":85}},"14":{"start":{"line":31,"column":4},"end":{"line":31,"column":27}},"15":{"start":{"line":34,"column":0},"end":{"line":38,"column":3}},"16":{"start":{"line":35,"column":2},"end":{"line":37,"column":3}},"17":{"start":{"line":36,"column":4},"end":{"line":36,"column":32}},"18":{"start":{"line":40,"column":0},"end":{"line":40,"column":25}},"19":{"start":{"line":41,"column":0},"end":{"line":41,"column":25}},"20":{"start":{"line":43,"column":0},"end":{"line":43,"column":20}}},"fnMap":{"0":{"name":"(anonymous_0)","decl":{"start":{"line":21,"column":10},"end":{"line":21,"column":11}},"loc":{"start":{"line":21,"column":18},"end":{"line":28,"column":3}},"line":21},"1":{"name":"(anonymous_1)","decl":{"start":{"line":29,"column":11},"end":{"line":29,"column":12}},"loc":{"start":{"line":29,"column":19},"end":{"line":32,"column":3}},"line":29},"2":{"name":"(anonymous_2)","decl":{"start":{"line":34,"column":24},"end":{"line":34,"column":25}},"loc":{"start":{"line":34,"column":37},"end":{"line":38,"column":1}},"line":34}},"branchMap":{"0":{"loc":{"start":{"line":8,"column":12},"end":{"line":8,"column":49}},"type":"binary-expr","locations":[{"start":{"line":8,"column":12},"end":{"line":8,"column":32}},{"start":{"line":8,"column":36},"end":{"line":8,"column":49}}],"line":8},"1":{"loc":{"start":{"line":13,"column":0},"end":{"line":17,"column":1}},"type":"if","locations":[{"start":{"line":13,"column":0},"end":{"line":17,"column":1}},{"start":{"line":15,"column":7},"end":{"line":17,"column":1}}],"line":13},"2":{"loc":{"start":{"line":23,"column":6},"end":{"line":26,"column":37}},"type":"binary-expr","locations":[{"start":{"line":23,"column":6},"end":{"line":23,"column":29}},{"start":{"line":24,"column":6},"end":{"line":24,"column":23}},{"start":{"line":25,"column":6},"end":{"line":25,"column":30}},{"start":{"line":26,"column":6},"end":{"line":26,"column":37}}],"line":23},"3":{"loc":{"start":{"line":35,"column":2},"end":{"line":37,"column":3}},"type":"if","locations":[{"start":{"line":35,"column":2},"end":{"line":37,"column":3}},{"start":{},"end":{}}],"line":35}},"s":{"0":7,"1":7,"2":7,"3":7,"4":7,"5":7,"6":7,"7":7,"8":7,"9":0,"10":7,"11":7,"12":63,"13":56,"14":56,"15":7,"16":56,"17":56,"18":7,"19":7,"20":7},"f":{"0":63,"1":56,"2":56},"b":{"0":[7,0],"1":[0,7],"2":[63,63,56,56],"3":[56,0]},"_coverageSchema":"1a1c01bbd47fc00a2c39e90264f33305004495a9","hash":"517677891ac67fd37c3a8ed535406b6a09fd7e7b"}
,"C:\\Users\\Vince\\hacktiv8\\FinalProject\\parkirsini\\server\\models\\landlord.js": {"path":"C:\\Users\\Vince\\hacktiv8\\FinalProject\\parkirsini\\server\\models\\landlord.js","statementMap":{"0":{"start":{"line":2,"column":18},"end":{"line":2,"column":38}},"1":{"start":{"line":3,"column":25},"end":{"line":3,"column":53}},"2":{"start":{"line":5,"column":0},"end":{"line":111,"column":2}},"3":{"start":{"line":14,"column":6},"end":{"line":14,"column":74}},"4":{"start":{"line":17,"column":2},"end":{"line":109,"column":4}},"5":{"start":{"line":103,"column":10},"end":{"line":103,"column":54}},"6":{"start":{"line":110,"column":2},"end":{"line":110,"column":18}}},"fnMap":{"0":{"name":"(anonymous_0)","decl":{"start":{"line":5,"column":17},"end":{"line":5,"column":18}},"loc":{"start":{"line":5,"column":43},"end":{"line":111,"column":1}},"line":5},"1":{"name":"(anonymous_1)","decl":{"start":{"line":12,"column":4},"end":{"line":12,"column":5}},"loc":{"start":{"line":12,"column":29},"end":{"line":15,"column":5}},"line":12},"2":{"name":"(anonymous_2)","decl":{"start":{"line":102,"column":8},"end":{"line":102,"column":9}},"loc":{"start":{"line":102,"column":27},"end":{"line":104,"column":9}},"line":102}},"branchMap":{},"s":{"0":7,"1":7,"2":7,"3":7,"4":7,"5":4,"6":7},"f":{"0":7,"1":7,"2":4},"b":{},"_coverageSchema":"1a1c01bbd47fc00a2c39e90264f33305004495a9","hash":"2ac3e85211d365d590a6030d68cf7c3dbc478030"}
,"C:\\Users\\Vince\\hacktiv8\\FinalProject\\parkirsini\\server\\models\\parkingspace.js": {"path":"C:\\Users\\Vince\\hacktiv8\\FinalProject\\parkirsini\\server\\models\\parkingspace.js","statementMap":{"0":{"start":{"line":2,"column":18},"end":{"line":2,"column":38}},"1":{"start":{"line":3,"column":0},"end":{"line":142,"column":2}},"2":{"start":{"line":12,"column":6},"end":{"line":12,"column":76}},"3":{"start":{"line":13,"column":6},"end":{"line":15,"column":9}},"4":{"start":{"line":16,"column":6},"end":{"line":18,"column":9}},"5":{"start":{"line":19,"column":6},"end":{"line":19,"column":77}},"6":{"start":{"line":20,"column":6},"end":{"line":22,"column":9}},"7":{"start":{"line":36,"column":2},"end":{"line":139,"column":5}},"8":{"start":{"line":141,"column":2},"end":{"line":141,"column":22}}},"fnMap":{"0":{"name":"(anonymous_0)","decl":{"start":{"line":3,"column":17},"end":{"line":3,"column":18}},"loc":{"start":{"line":3,"column":43},"end":{"line":142,"column":1}},"line":3},"1":{"name":"(anonymous_1)","decl":{"start":{"line":10,"column":4},"end":{"line":10,"column":5}},"loc":{"start":{"line":10,"column":29},"end":{"line":23,"column":5}},"line":10}},"branchMap":{},"s":{"0":7,"1":7,"2":7,"3":7,"4":7,"5":7,"6":7,"7":7,"8":7},"f":{"0":7,"1":7},"b":{},"_coverageSchema":"1a1c01bbd47fc00a2c39e90264f33305004495a9","hash":"cff22efba7b8cece9a518cd1fed9ff945ff0165b"}
,"C:\\Users\\Vince\\hacktiv8\\FinalProject\\parkirsini\\server\\models\\parkingspaceimage.js": {"path":"C:\\Users\\Vince\\hacktiv8\\FinalProject\\parkirsini\\server\\models\\parkingspaceimage.js","statementMap":{"0":{"start":{"line":4,"column":4},"end":{"line":4,"column":24}},"1":{"start":{"line":5,"column":0},"end":{"line":47,"column":2}},"2":{"start":{"line":14,"column":6},"end":{"line":14,"column":89}},"3":{"start":{"line":17,"column":2},"end":{"line":45,"column":5}},"4":{"start":{"line":46,"column":2},"end":{"line":46,"column":27}}},"fnMap":{"0":{"name":"(anonymous_0)","decl":{"start":{"line":5,"column":17},"end":{"line":5,"column":18}},"loc":{"start":{"line":5,"column":43},"end":{"line":47,"column":1}},"line":5},"1":{"name":"(anonymous_1)","decl":{"start":{"line":12,"column":4},"end":{"line":12,"column":5}},"loc":{"start":{"line":12,"column":29},"end":{"line":15,"column":5}},"line":12}},"branchMap":{},"s":{"0":7,"1":7,"2":7,"3":7,"4":7},"f":{"0":7,"1":7},"b":{},"_coverageSchema":"1a1c01bbd47fc00a2c39e90264f33305004495a9","hash":"aa20aa8c26b200f9a03ac3274423d1cbe9038785"}
,"C:\\Users\\Vince\\hacktiv8\\FinalProject\\parkirsini\\server\\models\\parkingspacereview.js": {"path":"C:\\Users\\Vince\\hacktiv8\\FinalProject\\parkirsini\\server\\models\\parkingspacereview.js","statementMap":{"0":{"start":{"line":4,"column":4},"end":{"line":4,"column":24}},"1":{"start":{"line":5,"column":0},"end":{"line":73,"column":2}},"2":{"start":{"line":14,"column":6},"end":{"line":14,"column":90}},"3":{"start":{"line":15,"column":6},"end":{"line":15,"column":82}},"4":{"start":{"line":19,"column":2},"end":{"line":71,"column":5}},"5":{"start":{"line":72,"column":2},"end":{"line":72,"column":28}}},"fnMap":{"0":{"name":"(anonymous_0)","decl":{"start":{"line":5,"column":17},"end":{"line":5,"column":18}},"loc":{"start":{"line":5,"column":43},"end":{"line":73,"column":1}},"line":5},"1":{"name":"(anonymous_1)","decl":{"start":{"line":12,"column":4},"end":{"line":12,"column":5}},"loc":{"start":{"line":12,"column":29},"end":{"line":17,"column":5}},"line":12}},"branchMap":{},"s":{"0":7,"1":7,"2":7,"3":7,"4":7,"5":7},"f":{"0":7,"1":7},"b":{},"_coverageSchema":"1a1c01bbd47fc00a2c39e90264f33305004495a9","hash":"0adc6ed4c8b445a55d03800f2175b573eedafb88"}
,"C:\\Users\\Vince\\hacktiv8\\FinalProject\\parkirsini\\server\\routes\\adminRouter.js": {"path":"C:\\Users\\Vince\\hacktiv8\\FinalProject\\parkirsini\\server\\routes\\adminRouter.js","statementMap":{"0":{"start":{"line":1,"column":15},"end":{"line":1,"column":42}},"1":{"start":{"line":2,"column":13},"end":{"line":2,"column":49}},"2":{"start":{"line":3,"column":14},"end":{"line":3,"column":45}},"3":{"start":{"line":4,"column":32},"end":{"line":4,"column":72}},"4":{"start":{"line":6,"column":0},"end":{"line":6,"column":34}},"5":{"start":{"line":7,"column":0},"end":{"line":7,"column":40}},"6":{"start":{"line":9,"column":0},"end":{"line":9,"column":32}},"7":{"start":{"line":11,"column":0},"end":{"line":11,"column":54}},"8":{"start":{"line":12,"column":0},"end":{"line":12,"column":64}},"9":{"start":{"line":13,"column":0},"end":{"line":13,"column":56}},"10":{"start":{"line":14,"column":0},"end":{"line":14,"column":79}},"11":{"start":{"line":15,"column":0},"end":{"line":15,"column":57}},"12":{"start":{"line":16,"column":0},"end":{"line":16,"column":62}},"13":{"start":{"line":18,"column":0},"end":{"line":18,"column":66}},"14":{"start":{"line":19,"column":0},"end":{"line":19,"column":72}},"15":{"start":{"line":20,"column":0},"end":{"line":20,"column":71}},"16":{"start":{"line":21,"column":0},"end":{"line":21,"column":73}},"17":{"start":{"line":23,"column":0},"end":{"line":23,"column":24}}},"fnMap":{},"branchMap":{},"s":{"0":7,"1":7,"2":7,"3":7,"4":7,"5":7,"6":7,"7":7,"8":7,"9":7,"10":7,"11":7,"12":7,"13":7,"14":7,"15":7,"16":7,"17":7},"f":{},"b":{},"_coverageSchema":"1a1c01bbd47fc00a2c39e90264f33305004495a9","hash":"42ed79557eb3f493b48e873f1c100672da496a78"}
,"C:\\Users\\Vince\\hacktiv8\\FinalProject\\parkirsini\\server\\routes\\createBooking.js": {"path":"C:\\Users\\Vince\\hacktiv8\\FinalProject\\parkirsini\\server\\routes\\createBooking.js","statementMap":{"0":{"start":{"line":1,"column":15},"end":{"line":1,"column":42}},"1":{"start":{"line":2,"column":19},"end":{"line":2,"column":58}},"2":{"start":{"line":3,"column":35},"end":{"line":3,"column":75}},"3":{"start":{"line":5,"column":0},"end":{"line":7,"column":83}},"4":{"start":{"line":9,"column":0},"end":{"line":9,"column":23}}},"fnMap":{},"branchMap":{},"s":{"0":7,"1":7,"2":7,"3":7,"4":7},"f":{},"b":{},"_coverageSchema":"1a1c01bbd47fc00a2c39e90264f33305004495a9","hash":"7959598b7787b9e38b39833d37fdacfdcdf85d88"}
,"C:\\Users\\Vince\\hacktiv8\\FinalProject\\parkirsini\\server\\routes\\customer.js": {"path":"C:\\Users\\Vince\\hacktiv8\\FinalProject\\parkirsini\\server\\routes\\customer.js","statementMap":{"0":{"start":{"line":1,"column":15},"end":{"line":1,"column":42}},"1":{"start":{"line":2,"column":27},"end":{"line":2,"column":61}},"2":{"start":{"line":4,"column":0},"end":{"line":4,"column":54}},"3":{"start":{"line":5,"column":0},"end":{"line":5,"column":48}},"4":{"start":{"line":7,"column":0},"end":{"line":7,"column":64}},"5":{"start":{"line":8,"column":0},"end":{"line":8,"column":77}},"6":{"start":{"line":10,"column":0},"end":{"line":10,"column":24}}},"fnMap":{},"branchMap":{},"s":{"0":7,"1":7,"2":7,"3":7,"4":7,"5":7,"6":7},"f":{},"b":{},"_coverageSchema":"1a1c01bbd47fc00a2c39e90264f33305004495a9","hash":"c9f6a964fd25edf536c4bd574f5f5073c0cda636"}
,"C:\\Users\\Vince\\hacktiv8\\FinalProject\\parkirsini\\server\\routes\\index.js": {"path":"C:\\Users\\Vince\\hacktiv8\\FinalProject\\parkirsini\\server\\routes\\index.js","statementMap":{"0":{"start":{"line":1,"column":15},"end":{"line":1,"column":42}},"1":{"start":{"line":2,"column":19},"end":{"line":2,"column":50}},"2":{"start":{"line":3,"column":24},"end":{"line":3,"column":61}},"3":{"start":{"line":4,"column":15},"end":{"line":4,"column":32}},"4":{"start":{"line":5,"column":32},"end":{"line":5,"column":56}},"5":{"start":{"line":6,"column":15},"end":{"line":6,"column":34}},"6":{"start":{"line":7,"column":21},"end":{"line":7,"column":59}},"7":{"start":{"line":8,"column":27},"end":{"line":8,"column":58}},"8":{"start":{"line":30,"column":20},"end":{"line":30,"column":44}},"9":{"start":{"line":31,"column":21},"end":{"line":31,"column":46}},"10":{"start":{"line":32,"column":23},"end":{"line":32,"column":44}},"11":{"start":{"line":33,"column":23},"end":{"line":33,"column":44}},"12":{"start":{"line":34,"column":22},"end":{"line":34,"column":48}},"13":{"start":{"line":36,"column":0},"end":{"line":46,"column":21}},"14":{"start":{"line":47,"column":0},"end":{"line":47,"column":30}},"15":{"start":{"line":49,"column":0},"end":{"line":49,"column":24}}},"fnMap":{},"branchMap":{},"s":{"0":7,"1":7,"2":7,"3":7,"4":7,"5":7,"6":7,"7":7,"8":7,"9":7,"10":7,"11":7,"12":7,"13":7,"14":7,"15":7},"f":{},"b":{},"_coverageSchema":"1a1c01bbd47fc00a2c39e90264f33305004495a9","hash":"caf70cebcbcae9e3e079caf60e751fb6fae707b5"}
,"C:\\Users\\Vince\\hacktiv8\\FinalProject\\parkirsini\\server\\routes\\landlord.js": {"path":"C:\\Users\\Vince\\hacktiv8\\FinalProject\\parkirsini\\server\\routes\\landlord.js","statementMap":{"0":{"start":{"line":1,"column":15},"end":{"line":1,"column":42}},"1":{"start":{"line":2,"column":27},"end":{"line":2,"column":61}},"2":{"start":{"line":3,"column":27},"end":{"line":3,"column":61}},"3":{"start":{"line":4,"column":32},"end":{"line":4,"column":72}},"4":{"start":{"line":6,"column":0},"end":{"line":6,"column":54}},"5":{"start":{"line":7,"column":0},"end":{"line":7,"column":48}},"6":{"start":{"line":9,"column":0},"end":{"line":9,"column":91}},"7":{"start":{"line":10,"column":0},"end":{"line":10,"column":57}},"8":{"start":{"line":11,"column":0},"end":{"line":11,"column":59}},"9":{"start":{"line":12,"column":0},"end":{"line":12,"column":64}},"10":{"start":{"line":13,"column":0},"end":{"line":13,"column":65}},"11":{"start":{"line":15,"column":0},"end":{"line":15,"column":24}}},"fnMap":{},"branchMap":{},"s":{"0":7,"1":7,"2":7,"3":7,"4":7,"5":7,"6":7,"7":7,"8":7,"9":7,"10":7,"11":7},"f":{},"b":{},"_coverageSchema":"1a1c01bbd47fc00a2c39e90264f33305004495a9","hash":"b23d97ab32082774f69e40e1c3ca3362a98b6f1c"}
,"C:\\Users\\Vince\\hacktiv8\\FinalProject\\parkirsini\\server\\routes\\parkingSpaceRouter.js": {"path":"C:\\Users\\Vince\\hacktiv8\\FinalProject\\parkirsini\\server\\routes\\parkingSpaceRouter.js","statementMap":{"0":{"start":{"line":1,"column":31},"end":{"line":1,"column":79}},"1":{"start":{"line":2,"column":15},"end":{"line":2,"column":42}},"2":{"start":{"line":4,"column":0},"end":{"line":4,"column":71}},"3":{"start":{"line":5,"column":0},"end":{"line":5,"column":75}},"4":{"start":{"line":8,"column":0},"end":{"line":8,"column":23}}},"fnMap":{},"branchMap":{},"s":{"0":7,"1":7,"2":7,"3":7,"4":7},"f":{},"b":{},"_coverageSchema":"1a1c01bbd47fc00a2c39e90264f33305004495a9","hash":"eea30d0c8a96911146dfde986ed93989b6c55d5b"}
,"C:\\Users\\Vince\\hacktiv8\\FinalProject\\parkirsini\\server\\routes\\reviewRouter.js": {"path":"C:\\Users\\Vince\\hacktiv8\\FinalProject\\parkirsini\\server\\routes\\reviewRouter.js","statementMap":{"0":{"start":{"line":1,"column":25},"end":{"line":1,"column":67}},"1":{"start":{"line":2,"column":35},"end":{"line":2,"column":75}},"2":{"start":{"line":3,"column":15},"end":{"line":3,"column":42}},"3":{"start":{"line":5,"column":0},"end":{"line":5,"column":46}},"4":{"start":{"line":6,"column":0},"end":{"line":6,"column":62}},"5":{"start":{"line":7,"column":0},"end":{"line":7,"column":86}},"6":{"start":{"line":11,"column":0},"end":{"line":11,"column":23}}},"fnMap":{},"branchMap":{},"s":{"0":7,"1":7,"2":7,"3":7,"4":7,"5":7,"6":7},"f":{},"b":{},"_coverageSchema":"1a1c01bbd47fc00a2c39e90264f33305004495a9","hash":"36bcd41571e4cbebae2e7d56fc2ce226fe7f9afe"}
}
