TN:
SF:app.js
FNF:0
FNH:0
DA:1,8
DA:2,8
DA:3,8
DA:4,8
DA:5,8
DA:7,8
DA:9,8
DA:10,8
DA:11,8
DA:13,8
LF:10
LH:10
BRF:0
BRH:0
end_of_record
TN:
SF:cloudinary\index.js
FNF:0
FNH:0
DA:1,8
DA:2,8
DA:4,8
DA:10,8
DA:18,8
LF:5
LH:5
BRF:0
BRH:0
end_of_record
TN:
SF:controllers\ImageUpload.js
FN:2,(anonymous_0)
FNF:1
FNH:0
FNDA:0,(anonymous_0)
DA:3,0
DA:7,8
LF:2
LH:1
BRF:0
BRH:0
end_of_record
TN:
SF:controllers\admin-auth.js
FN:5,processLogin
FN:24,(anonymous_1)
FN:37,(anonymous_2)
FNF:3
FNH:3
FNDA:5,processLogin
FNDA:7,(anonymous_1)
FNDA:4,(anonymous_2)
DA:1,8
DA:2,8
DA:3,8
DA:6,5
DA:11,5
DA:12,4
DA:13,4
DA:14,3
DA:20,3
DA:25,7
DA:26,7
DA:27,7
DA:28,6
DA:29,5
DA:30,3
DA:32,4
DA:33,4
DA:38,4
DA:39,4
DA:40,4
DA:50,1
DA:54,3
DA:59,8
LF:23
LH:23
BRDA:11,0,0,1
BRDA:11,0,1,4
BRDA:13,1,0,1
BRDA:13,1,1,3
BRDA:27,2,0,1
BRDA:27,2,1,6
BRDA:28,3,0,1
BRDA:28,3,1,5
BRF:8
BRH:8
end_of_record
TN:
SF:controllers\admin.js
FN:10,(anonymous_0)
FN:25,(anonymous_1)
FN:44,(anonymous_2)
FN:72,(anonymous_3)
FN:77,(anonymous_4)
FN:80,(anonymous_5)
FN:106,(anonymous_6)
FN:118,(anonymous_7)
FN:141,(anonymous_8)
FN:175,(anonymous_9)
FN:190,(anonymous_10)
FN:199,(anonymous_11)
FN:214,(anonymous_12)
FN:232,(anonymous_13)
FNF:14
FNH:8
FNDA:1,(anonymous_0)
FNDA:4,(anonymous_1)
FNDA:2,(anonymous_2)
FNDA:0,(anonymous_3)
FNDA:0,(anonymous_4)
FNDA:0,(anonymous_5)
FNDA:0,(anonymous_6)
FNDA:0,(anonymous_7)
FNDA:2,(anonymous_8)
FNDA:2,(anonymous_9)
FNDA:2,(anonymous_10)
FNDA:2,(anonymous_11)
FNDA:0,(anonymous_12)
FNDA:3,(anonymous_13)
DA:7,8
DA:11,1
DA:12,1
DA:19,1
DA:21,0
DA:26,4
DA:27,4
DA:28,4
DA:37,4
DA:38,2
DA:40,2
DA:45,2
DA:47,2
DA:48,2
DA:49,2
DA:50,2
DA:52,2
DA:64,1
DA:68,1
DA:73,0
DA:74,0
DA:75,0
DA:76,0
DA:78,0
DA:81,0
DA:85,0
DA:86,0
DA:87,0
DA:88,0
DA:90,0
DA:106,0
DA:107,0
DA:116,0
DA:118,0
DA:119,0
DA:128,0
DA:129,0
DA:131,0
DA:135,0
DA:136,0
DA:137,0
DA:142,2
DA:143,2
DA:145,2
DA:146,2
DA:147,2
DA:149,2
DA:150,2
DA:152,1
DA:168,1
DA:170,1
DA:171,1
DA:176,2
DA:177,2
DA:179,2
DA:180,2
DA:182,1
DA:183,1
DA:185,1
DA:191,2
DA:192,2
DA:193,1
DA:195,1
DA:200,2
DA:201,2
DA:202,2
DA:207,2
DA:208,1
DA:210,1
DA:215,0
DA:216,0
DA:217,0
DA:219,0
DA:223,0
DA:228,0
DA:233,3
DA:234,3
DA:236,3
DA:237,3
DA:239,2
DA:240,1
DA:242,2
DA:247,8
LF:83
LH:54
BRDA:37,0,0,2
BRDA:37,0,1,2
BRDA:49,1,0,2
BRDA:49,1,1,2
BRDA:50,2,0,2
BRDA:50,2,1,2
BRDA:87,3,0,0
BRDA:87,3,1,0
BRDA:88,4,0,0
BRDA:88,4,1,0
BRDA:146,5,0,2
BRDA:146,5,1,2
BRDA:147,6,0,2
BRDA:147,6,1,2
BRDA:150,7,0,1
BRDA:150,7,1,1
BRDA:180,8,0,1
BRDA:180,8,1,1
BRDA:207,9,0,1
BRDA:207,9,1,1
BRDA:237,10,0,1
BRDA:237,10,1,2
BRF:22
BRH:18
end_of_record
TN:
SF:controllers\createBooking.js
FN:10,(anonymous_0)
FN:41,(anonymous_1)
FN:88,(anonymous_2)
FNF:3
FNH:1
FNDA:0,(anonymous_0)
FNDA:0,(anonymous_1)
FNDA:2,(anonymous_2)
DA:1,8
DA:2,8
DA:3,8
DA:4,8
DA:5,8
DA:6,8
DA:7,8
DA:11,0
DA:12,0
DA:13,0
DA:14,0
DA:15,0
DA:16,0
DA:20,0
DA:32,0
DA:33,0
DA:34,0
DA:36,0
DA:37,0
DA:42,0
DA:43,0
DA:44,0
DA:45,0
DA:47,0
DA:48,0
DA:55,0
DA:59,0
DA:60,0
DA:61,0
DA:66,0
DA:71,0
DA:72,0
DA:78,0
DA:79,0
DA:81,0
DA:82,0
DA:83,0
DA:91,2
DA:92,2
DA:102,1
DA:104,1
DA:109,8
LF:42
LH:12
BRF:0
BRH:0
end_of_record
TN:
SF:controllers\customer.js
FN:6,(anonymous_0)
FN:28,(anonymous_1)
FN:87,(anonymous_2)
FN:96,(anonymous_3)
FNF:4
FNH:4
FNDA:3,(anonymous_0)
FNDA:5,(anonymous_1)
FNDA:3,(anonymous_2)
FNDA:2,(anonymous_3)
DA:1,8
DA:2,8
DA:3,8
DA:7,3
DA:8,3
DA:9,3
DA:16,1
DA:24,2
DA:29,5
DA:30,5
DA:31,5
DA:32,4
DA:34,4
DA:36,4
DA:37,4
DA:38,4
DA:40,3
DA:42,3
DA:44,2
DA:45,2
DA:88,3
DA:89,3
DA:90,1
DA:92,2
DA:97,2
DA:98,2
DA:99,2
DA:121,2
DA:122,1
DA:123,1
DA:124,1
DA:127,1
DA:129,1
DA:130,1
DA:135,8
LF:35
LH:35
BRDA:31,0,0,1
BRDA:31,0,1,4
BRDA:32,1,0,0
BRDA:32,1,1,4
BRDA:36,2,0,0
BRDA:36,2,1,4
BRDA:38,3,0,1
BRDA:38,3,1,3
BRDA:121,4,0,1
BRDA:121,4,1,1
BRF:10
BRH:8
end_of_record
TN:
SF:controllers\facility.js
FN:4,(anonymous_0)
FN:14,(anonymous_1)
FN:23,(anonymous_2)
FN:42,(anonymous_3)
FNF:4
FNH:4
FNDA:2,(anonymous_0)
FNDA:1,(anonymous_1)
FNDA:2,(anonymous_2)
FNDA:2,(anonymous_3)
DA:1,8
DA:5,2
DA:6,2
DA:7,2
DA:8,1
DA:10,1
DA:15,1
DA:16,1
DA:17,1
DA:19,0
DA:24,2
DA:25,2
DA:26,2
DA:27,2
DA:28,2
DA:29,2
DA:30,1
DA:31,1
DA:32,1
DA:34,1
DA:35,1
DA:36,1
DA:38,1
DA:43,2
DA:44,2
DA:45,2
DA:46,2
DA:47,1
DA:48,1
DA:49,1
DA:51,1
DA:52,1
DA:53,1
DA:58,1
DA:63,8
LF:35
LH:34
BRDA:29,0,0,1
BRDA:29,0,1,1
BRDA:46,1,0,1
BRDA:46,1,1,1
BRF:4
BRH:4
end_of_record
TN:
SF:controllers\index.js
FN:3,(anonymous_0)
FNF:1
FNH:0
FNDA:0,(anonymous_0)
DA:4,0
DA:8,8
LF:2
LH:1
BRF:0
BRH:0
end_of_record
TN:
SF:controllers\landlord.js
FN:6,(anonymous_0)
FN:23,(anonymous_1)
FN:43,(anonymous_2)
FNF:3
FNH:3
FNDA:3,(anonymous_0)
FNDA:5,(anonymous_1)
FNDA:1,(anonymous_2)
DA:1,8
DA:2,8
DA:3,8
DA:7,3
DA:8,3
DA:9,3
DA:17,1
DA:19,2
DA:24,5
DA:25,5
DA:26,5
DA:27,4
DA:29,3
DA:31,3
DA:32,2
DA:33,2
DA:35,1
DA:37,1
DA:39,4
DA:44,1
DA:45,1
DA:46,1
DA:47,1
DA:66,1
DA:68,0
DA:74,8
LF:26
LH:25
BRDA:26,0,0,1
BRDA:26,0,1,4
BRDA:27,1,0,1
BRDA:27,1,1,3
BRDA:31,2,0,1
BRDA:31,2,1,2
BRDA:33,3,0,1
BRDA:33,3,1,1
BRF:8
BRH:8
end_of_record
TN:
SF:controllers\parkingSpaceController.js
FN:4,(anonymous_0)
FN:16,(anonymous_1)
FNF:2
FNH:2
FNDA:2,(anonymous_0)
FNDA:2,(anonymous_1)
DA:1,8
DA:5,2
DA:7,2
DA:8,2
DA:9,1
DA:11,1
DA:12,1
DA:17,2
DA:18,2
DA:19,2
DA:25,2
DA:26,1
DA:27,1
DA:28,1
DA:30,1
DA:32,1
DA:37,8
LF:17
LH:17
BRDA:25,0,0,1
BRDA:25,0,1,1
BRF:2
BRH:2
end_of_record
TN:
SF:controllers\reviewController.js
FN:4,(anonymous_0)
FN:13,(anonymous_1)
FN:30,(anonymous_2)
FNF:3
FNH:3
FNDA:2,(anonymous_0)
FNDA:1,(anonymous_1)
FNDA:2,(anonymous_2)
DA:2,8
DA:5,2
DA:6,2
DA:7,1
DA:9,1
DA:14,1
DA:15,1
DA:17,1
DA:25,1
DA:27,0
DA:31,2
DA:32,2
DA:33,2
DA:34,2
DA:35,1
DA:37,1
DA:70,8
LF:17
LH:16
BRF:0
BRH:0
end_of_record
TN:
SF:helpers\bcrypt.js
FN:3,(anonymous_0)
FN:4,(anonymous_1)
FNF:2
FNH:2
FNDA:22,(anonymous_0)
FNDA:10,(anonymous_1)
DA:1,8
DA:3,22
DA:4,10
DA:6,8
LF:4
LH:4
BRF:0
BRH:0
end_of_record
TN:
SF:helpers\emailHtmlContent.js
FN:1,(anonymous_0)
FN:169,(anonymous_1)
FNF:2
FNH:0
FNDA:0,(anonymous_0)
FNDA:0,(anonymous_1)
DA:1,8
DA:2,0
DA:169,8
DA:170,0
DA:258,8
LF:5
LH:3
BRF:0
BRH:0
end_of_record
TN:
SF:helpers\jwt.js
FN:4,(anonymous_0)
FN:5,(anonymous_1)
FNF:2
FNH:2
FNDA:7,(anonymous_0)
FNDA:23,(anonymous_1)
DA:1,8
DA:2,8
DA:4,8
DA:5,23
DA:7,8
LF:5
LH:5
BRF:0
BRH:0
end_of_record
TN:
SF:middlewares\authentication.js
FN:4,authenticationAdmin
FN:24,authenticationCustomer
FNF:2
FNH:2
FNDA:25,authenticationAdmin
FNDA:4,authenticationCustomer
DA:1,8
DA:2,8
DA:5,25
DA:6,25
DA:7,25
DA:8,19
DA:9,19
DA:10,19
DA:11,19
DA:18,19
DA:20,6
DA:25,4
DA:26,4
DA:27,4
DA:29,4
DA:31,4
DA:32,4
DA:34,4
DA:42,4
DA:44,0
DA:68,8
LF:21
LH:20
BRDA:7,0,0,6
BRDA:7,0,1,19
BRDA:10,1,0,0
BRDA:10,1,1,19
BRDA:27,2,0,0
BRDA:27,2,1,4
BRDA:32,3,0,0
BRDA:32,3,1,4
BRF:8
BRH:5
end_of_record
TN:
SF:middlewares\errorHandler.js
FN:1,errorHandler
FNF:1
FNH:1
FNDA:43,errorHandler
DA:2,43
DA:3,43
DA:5,43
DA:9,9
DA:10,9
DA:11,34
DA:15,6
DA:16,6
DA:17,28
DA:18,10
DA:19,10
DA:20,18
DA:21,0
DA:22,0
DA:23,18
DA:24,5
DA:25,5
DA:26,13
DA:30,5
DA:31,5
DA:34,43
DA:36,8
LF:22
LH:20
BRDA:5,0,0,9
BRDA:5,0,1,34
BRDA:6,1,0,43
BRDA:6,1,1,36
BRDA:11,2,0,6
BRDA:11,2,1,28
BRDA:12,3,0,34
BRDA:12,3,1,28
BRDA:17,4,0,10
BRDA:17,4,1,18
BRDA:20,5,0,0
BRDA:20,5,1,18
BRDA:23,6,0,5
BRDA:23,6,1,13
BRDA:26,7,0,5
BRDA:26,7,1,8
BRDA:27,8,0,13
BRDA:27,8,1,10
BRF:18
BRH:17
end_of_record
TN:
SF:models\booking.js
FN:5,(anonymous_0)
FN:12,(anonymous_1)
FNF:2
FNH:2
FNDA:8,(anonymous_0)
FNDA:8,(anonymous_1)
DA:4,8
DA:5,8
DA:14,8
DA:17,8
DA:71,8
LF:5
LH:5
BRF:0
BRH:0
end_of_record
TN:
SF:models\customer.js
FN:6,(anonymous_0)
FN:13,(anonymous_1)
FN:76,(anonymous_2)
FNF:3
FNH:3
FNDA:8,(anonymous_0)
FNDA:8,(anonymous_1)
FNDA:2,(anonymous_2)
DA:4,8
DA:5,8
DA:6,8
DA:15,8
DA:16,8
DA:20,8
DA:76,8
DA:77,2
DA:79,8
LF:9
LH:9
BRF:0
BRH:0
end_of_record
TN:
SF:models\facility.js
FN:5,(anonymous_0)
FN:12,(anonymous_1)
FNF:2
FNH:2
FNDA:8,(anonymous_0)
FNDA:8,(anonymous_1)
DA:4,8
DA:5,8
DA:14,8
DA:17,8
DA:34,8
LF:5
LH:5
BRF:0
BRH:0
end_of_record
TN:
SF:models\facilityparking.js
FN:5,(anonymous_0)
FN:12,(anonymous_1)
FNF:2
FNH:2
FNDA:8,(anonymous_0)
FNDA:8,(anonymous_1)
DA:4,8
DA:5,8
DA:14,8
DA:15,8
DA:18,8
DA:47,8
LF:6
LH:6
BRF:0
BRH:0
end_of_record
TN:
SF:models\index.js
FN:21,(anonymous_0)
FN:29,(anonymous_1)
FN:34,(anonymous_2)
FNF:3
FNH:3
FNDA:72,(anonymous_0)
FNDA:64,(anonymous_1)
FNDA:64,(anonymous_2)
DA:3,8
DA:4,8
DA:5,8
DA:6,8
DA:7,8
DA:8,8
DA:9,8
DA:10,8
DA:13,8
DA:14,0
DA:16,8
DA:19,8
DA:22,72
DA:30,64
DA:31,64
DA:34,8
DA:35,64
DA:36,64
DA:40,8
DA:41,8
DA:43,8
LF:21
LH:20
BRDA:8,0,0,8
BRDA:8,0,1,0
BRDA:13,1,0,0
BRDA:13,1,1,8
BRDA:23,2,0,72
BRDA:23,2,1,72
BRDA:23,2,2,64
BRDA:23,2,3,64
BRDA:35,3,0,64
BRDA:35,3,1,0
BRF:10
BRH:7
end_of_record
TN:
SF:models\landlord.js
FN:5,(anonymous_0)
FN:12,(anonymous_1)
FN:102,(anonymous_2)
FNF:3
FNH:3
FNDA:8,(anonymous_0)
FNDA:8,(anonymous_1)
FNDA:4,(anonymous_2)
DA:2,8
DA:3,8
DA:5,8
DA:14,8
DA:17,8
DA:103,4
DA:110,8
LF:7
LH:7
BRF:0
BRH:0
end_of_record
TN:
SF:models\parkingspace.js
FN:3,(anonymous_0)
FN:10,(anonymous_1)
FNF:2
FNH:2
FNDA:8,(anonymous_0)
FNDA:8,(anonymous_1)
DA:2,8
DA:3,8
DA:12,8
DA:13,8
DA:16,8
DA:19,8
DA:20,8
DA:26,8
DA:131,8
LF:9
LH:9
BRF:0
BRH:0
end_of_record
TN:
SF:models\parkingspaceimage.js
FN:5,(anonymous_0)
FN:12,(anonymous_1)
FNF:2
FNH:2
FNDA:8,(anonymous_0)
FNDA:8,(anonymous_1)
DA:4,8
DA:5,8
DA:14,8
DA:17,8
DA:46,8
LF:5
LH:5
BRF:0
BRH:0
end_of_record
TN:
SF:models\parkingspacereview.js
FN:5,(anonymous_0)
FN:12,(anonymous_1)
FNF:2
FNH:2
FNDA:8,(anonymous_0)
FNDA:8,(anonymous_1)
DA:4,8
DA:5,8
DA:14,8
DA:15,8
DA:19,8
DA:72,8
LF:6
LH:6
BRF:0
BRH:0
end_of_record
TN:
SF:routes\adminRouter.js
FNF:0
FNH:0
DA:1,8
DA:2,8
DA:3,8
DA:4,8
DA:5,8
DA:6,8
DA:7,8
DA:9,8
DA:10,8
DA:12,8
DA:14,8
DA:15,8
DA:16,8
DA:17,8
DA:22,8
DA:23,8
DA:25,8
DA:26,8
DA:27,8
DA:32,8
DA:34,8
LF:21
LH:21
BRF:0
BRH:0
end_of_record
TN:
SF:routes\createBooking.js
FNF:0
FNH:0
DA:1,8
DA:2,8
DA:3,8
DA:5,8
DA:10,8
LF:5
LH:5
BRF:0
BRH:0
end_of_record
TN:
SF:routes\customer.js
FNF:0
FNH:0
DA:1,8
DA:2,8
DA:4,8
DA:5,8
DA:7,8
DA:8,8
DA:10,8
LF:7
LH:7
BRF:0
BRH:0
end_of_record
TN:
SF:routes\index.js
FNF:0
FNH:0
DA:1,8
DA:2,8
DA:3,8
DA:4,8
DA:5,8
DA:6,8
DA:7,8
DA:8,8
DA:30,8
DA:31,8
DA:32,8
DA:33,8
DA:34,8
DA:36,8
DA:47,8
LF:15
LH:15
BRF:0
BRH:0
end_of_record
TN:
SF:routes\landlord.js
FNF:0
FNH:0
DA:1,8
DA:2,8
DA:3,8
DA:4,8
DA:6,8
DA:7,8
DA:9,8
DA:10,8
DA:11,8
DA:12,8
DA:13,8
DA:15,8
LF:12
LH:12
BRF:0
BRH:0
end_of_record
TN:
SF:routes\parkingSpaceRouter.js
FNF:0
FNH:0
DA:1,8
DA:2,8
DA:4,8
DA:5,8
DA:8,8
LF:5
LH:5
BRF:0
BRH:0
end_of_record
TN:
SF:routes\reviewRouter.js
FNF:0
FNH:0
DA:1,8
DA:2,8
DA:3,8
DA:5,8
DA:6,8
DA:7,8
DA:11,8
LF:7
LH:7
BRF:0
BRH:0
end_of_record
